\BOOKMARK [1][-]{section.0.1}{Approximation Methods and the H2 Molecule}{}% 1
\BOOKMARK [2][-]{subsection.0.1.1}{Linear Combination Of Atomic Orbitals \(LCAO-MO\)}{section.0.1}% 2
\BOOKMARK [2][-]{subsection.0.1.2}{Heiter-London Valence Bond Method \(VB-MO\)}{section.0.1}% 3
\BOOKMARK [2][-]{subsection.0.1.3}{Variational LCAO-MO Method}{section.0.1}% 4
\BOOKMARK [1][-]{section.0.2}{Homonuclear Diatomic Molecules}{}% 5
\BOOKMARK [2][-]{subsection.0.2.1}{Valency and Chemical Bonding}{section.0.2}% 6
\BOOKMARK [1][-]{section.0.3}{Heteronuclear Diatomic Molecules}{}% 7
\BOOKMARK [2][-]{subsection.0.3.1}{Lithium Hydride LiH}{section.0.3}% 8
\BOOKMARK [2][-]{subsection.0.3.2}{Hydrogen Chloride HCl}{section.0.3}% 9
\BOOKMARK [2][-]{subsection.0.3.3}{Sodium Chloride NaCl}{section.0.3}% 10
\BOOKMARK [1][-]{section.0.4}{Triatomic Molecules}{}% 11
\BOOKMARK [2][-]{subsection.0.4.1}{Hybridization}{section.0.4}% 12
\BOOKMARK [2][-]{subsection.0.4.2}{Ideal Homonuclear Trimer}{section.0.4}% 13
\BOOKMARK [2][-]{subsection.0.4.3}{Beryllium Dihydride \(BeH2\)}{section.0.4}% 14
\BOOKMARK [2][-]{subsection.0.4.4}{Water \(H2O\)}{section.0.4}% 15
\BOOKMARK [2][-]{subsection.0.4.5}{Carbon Dioxide \(CO2\) and Lone Pairs}{section.0.4}% 16
\BOOKMARK [1][-]{section.0.5}{ Electron Systems and Unlocalized Orbitals}{}% 17
\BOOKMARK [2][-]{subsection.0.5.1}{Butadiene \(C4H6\)}{section.0.5}% 18
\BOOKMARK [2][-]{subsection.0.5.2}{Methane and Ethylene\(CH4, C2H4\)}{section.0.5}% 19
\BOOKMARK [2][-]{subsection.0.5.3}{Benzene \(C6H6\)}{section.0.5}% 20
