\BOOKMARK [0][-]{chapter.1}{\376\377\000C\000o\000m\000p\000l\000e\000x\000\040\000N\000u\000m\000b\000e\000r\000s\000\040\000a\000n\000d\000\040\000F\000u\000n\000c\000t\000i\000o\000n\000s}{}% 1
\BOOKMARK [1][-]{section.1.1}{\376\377\000C\000o\000m\000p\000l\000e\000x\000\040\000N\000u\000m\000b\000e\000r\000s}{chapter.1}% 2
\BOOKMARK [1][-]{section.1.2}{\376\377\000R\000e\000g\000i\000o\000n\000s\000\040\000i\000n\000\040\000C}{chapter.1}% 3
\BOOKMARK [2][-]{subsection.1.2.1}{\376\377\000E\000x\000t\000e\000n\000d\000e\000d\000\040\000C\000o\000m\000p\000l\000e\000x\000\040\000P\000l\000a\000n\000e\000\040}{section.1.2}% 4
\BOOKMARK [1][-]{section.1.3}{\376\377\000E\000l\000e\000m\000e\000n\000t\000a\000r\000y\000\040\000F\000u\000n\000c\000t\000i\000o\000n\000s}{chapter.1}% 5
\BOOKMARK [2][-]{subsection.1.3.1}{\376\377\000C\000o\000m\000p\000l\000e\000x\000\040\000E\000x\000p\000o\000n\000e\000n\000t\000i\000a\000t\000i\000o\000n}{section.1.3}% 6
\BOOKMARK [2][-]{subsection.1.3.2}{\376\377\000P\000r\000o\000p\000e\000r\000t\000i\000e\000s\000\040\000o\000f\000\040\000T\000r\000i\000g\000o\000n\000o\000m\000e\000t\000r\000i\000c\000\040\000F\000u\000n\000c\000t\000i\000o\000n\000s}{section.1.3}% 7
\BOOKMARK [0][-]{chapter.2}{\376\377\000A\000b\000s\000t\000r\000a\000c\000t\000\040\000S\000p\000a\000c\000e\000s}{}% 8
\BOOKMARK [1][-]{section.2.1}{\376\377\000M\000e\000t\000r\000i\000c\000\040\000S\000p\000a\000c\000e\000s}{chapter.2}% 9
\BOOKMARK [2][-]{subsection.2.1.1}{\376\377\000T\000o\000p\000o\000l\000o\000g\000y}{section.2.1}% 10
\BOOKMARK [1][-]{section.2.2}{\376\377\000C\000o\000n\000v\000e\000r\000g\000e\000n\000c\000e\000\040\000a\000n\000d\000\040\000C\000o\000m\000p\000a\000c\000t\000n\000e\000s\000s}{chapter.2}% 11
\BOOKMARK [1][-]{section.2.3}{\376\377\000V\000e\000c\000t\000o\000r\000\040\000S\000p\000a\000c\000e\000s}{chapter.2}% 12
\BOOKMARK [2][-]{subsection.2.3.1}{\376\377\000H\000\366\000l\000d\000e\000r\000\040\000a\000n\000d\000\040\000M\000i\000n\000k\000o\000w\000s\000k\000i\000\040\000I\000n\000e\000q\000u\000a\000l\000i\000t\000i\000e\000s}{section.2.3}% 13
\BOOKMARK [0][-]{chapter.3}{\376\377\000D\000i\000f\000f\000e\000r\000e\000n\000t\000i\000a\000l\000\040\000A\000n\000a\000l\000y\000s\000i\000s}{}% 14
\BOOKMARK [1][-]{section.3.1}{\376\377\000D\000i\000g\000r\000e\000s\000s\000i\000o\000n\000\040\000o\000n\000\040\000t\000h\000e\000\040\000N\000o\000t\000a\000t\000i\000o\000n\000\040\000U\000s\000e\000d}{chapter.3}% 15
\BOOKMARK [2][-]{subsection.3.1.1}{\376\377\000D\000i\000f\000f\000e\000r\000e\000n\000t\000i\000a\000l\000\040\000O\000p\000e\000r\000a\000t\000o\000r\000s}{section.3.1}% 16
\BOOKMARK [1][-]{section.3.2}{\376\377\000C\000u\000r\000v\000e\000s\000\040\000i\000n\000\040\000R\000n}{chapter.3}% 17
\BOOKMARK [1][-]{section.3.3}{\376\377\000D\000i\000f\000f\000e\000r\000e\000n\000t\000i\000a\000b\000i\000l\000i\000t\000y\000\040\000i\000n\000\040\000R\000n}{chapter.3}% 18
\BOOKMARK [1][-]{section.3.4}{\376\377\000D\000i\000f\000f\000e\000r\000e\000n\000t\000i\000a\000b\000i\000l\000i\000t\000y\000\040\000i\000n\000\040\000C}{chapter.3}% 19
\BOOKMARK [2][-]{subsection.3.4.1}{\376\377\000H\000o\000l\000o\000m\000o\000r\000p\000h\000i\000c\000\040\000F\000u\000n\000c\000t\000i\000o\000n\000s}{section.3.4}% 20
\BOOKMARK [1][-]{section.3.5}{\376\377\000S\000u\000r\000f\000a\000c\000e\000s}{chapter.3}% 21
\BOOKMARK [1][-]{section.3.6}{\376\377\000O\000p\000t\000i\000m\000i\000z\000a\000t\000i\000o\000n}{chapter.3}% 22
\BOOKMARK [2][-]{subsection.3.6.1}{\376\377\000C\000r\000i\000t\000i\000c\000a\000l\000\040\000P\000o\000i\000n\000t\000s}{section.3.6}% 23
\BOOKMARK [2][-]{subsection.3.6.2}{\376\377\000C\000o\000n\000v\000e\000x\000i\000t\000y\000\040\000a\000n\000d\000\040\000I\000m\000p\000l\000i\000c\000i\000t\000\040\000F\000u\000n\000c\000t\000i\000o\000n\000s}{section.3.6}% 24
\BOOKMARK [2][-]{subsection.3.6.3}{\376\377\000L\000a\000g\000r\000a\000n\000g\000e\000\040\000M\000u\000l\000t\000i\000p\000l\000i\000e\000r\000s}{section.3.6}% 25
\BOOKMARK [0][-]{chapter.4}{\376\377\000T\000e\000n\000s\000o\000r\000s\000\040\000a\000n\000d\000\040\000D\000i\000f\000f\000e\000r\000e\000n\000t\000i\000a\000l\000\040\000F\000o\000r\000m\000s}{}% 26
\BOOKMARK [1][-]{section.4.1}{\376\377\000T\000e\000n\000s\000o\000r\000s\000\040\000a\000n\000d\000\040\000k\000-\000f\000o\000r\000m\000s}{chapter.4}% 27
\BOOKMARK [2][-]{subsection.4.1.1}{\376\377\000B\000a\000s\000i\000c\000\040\000D\000e\000f\000i\000n\000i\000t\000i\000o\000n\000s\000,\000\040\000T\000e\000n\000s\000o\000r\000\040\000P\000r\000o\000d\000u\000c\000t\000\040\000a\000n\000d\000\040\000W\000e\000d\000g\000e\000\040\000P\000r\000o\000d\000u\000c\000t}{section.4.1}% 28
\BOOKMARK [2][-]{subsection.4.1.2}{\376\377\000V\000o\000l\000u\000m\000e\000\040\000E\000l\000e\000m\000e\000n\000t\000s\000\040\000a\000n\000d\000\040\000O\000r\000i\000e\000n\000t\000a\000t\000i\000o\000n}{section.4.1}% 29
\BOOKMARK [1][-]{section.4.2}{\376\377\000T\000a\000n\000g\000e\000n\000t\000\040\000S\000p\000a\000c\000e\000\040\000a\000n\000d\000\040\000D\000i\000f\000f\000e\000r\000e\000n\000t\000i\000a\000l\000\040\000F\000o\000r\000m\000s}{chapter.4}% 30
\BOOKMARK [2][-]{subsection.4.2.1}{\376\377\000E\000x\000t\000e\000r\000n\000a\000l\000\040\000D\000i\000f\000f\000e\000r\000e\000n\000t\000i\000a\000t\000i\000o\000n\000,\000\040\000C\000l\000o\000s\000e\000d\000\040\000a\000n\000d\000\040\000E\000x\000a\000c\000t\000\040\000F\000o\000r\000m\000s}{section.4.2}% 31
\BOOKMARK [1][-]{section.4.3}{\376\377\000C\000h\000a\000i\000n\000\040\000C\000o\000m\000p\000l\000e\000x\000e\000s\000\040\000a\000n\000d\000\040\000M\000a\000n\000i\000f\000o\000l\000d\000s}{chapter.4}% 32
\BOOKMARK [2][-]{subsection.4.3.1}{\376\377\000S\000i\000n\000g\000u\000l\000a\000r\000\040\000n\000-\000c\000u\000b\000e\000s\000\040\000a\000n\000d\000\040\000C\000h\000a\000i\000n\000s}{section.4.3}% 33
\BOOKMARK [2][-]{subsection.4.3.2}{\376\377\000M\000a\000n\000i\000f\000o\000l\000d\000s}{section.4.3}% 34
\BOOKMARK [0][-]{chapter.5}{\376\377\000I\000n\000t\000e\000g\000r\000a\000l\000\040\000A\000n\000a\000l\000y\000s\000i\000s}{}% 35
\BOOKMARK [1][-]{section.5.1}{\376\377\000M\000e\000a\000s\000u\000r\000e\000\040\000T\000h\000e\000o\000r\000y}{chapter.5}% 36
\BOOKMARK [2][-]{subsection.5.1.1}{\376\377\000J\000o\000r\000d\000a\000n\000\040\000M\000e\000a\000s\000u\000r\000e}{section.5.1}% 37
\BOOKMARK [2][-]{subsection.5.1.2}{\376\377\000L\000e\000b\000e\000s\000g\000u\000e\000\040\000M\000e\000a\000s\000u\000r\000e}{section.5.1}% 38
\BOOKMARK [1][-]{section.5.2}{\376\377\000I\000n\000t\000e\000g\000r\000a\000t\000i\000o\000n}{chapter.5}% 39
\BOOKMARK [2][-]{subsection.5.2.1}{\376\377\000L\000e\000b\000e\000s\000g\000u\000e\000\040\000S\000p\000a\000c\000e\000s}{section.5.2}% 40
\BOOKMARK [2][-]{subsection.5.2.2}{\376\377\000L\000e\000b\000e\000s\000g\000u\000e\000\040\000I\000n\000t\000e\000g\000r\000a\000t\000i\000o\000n}{section.5.2}% 41
\BOOKMARK [1][-]{section.5.3}{\376\377\000C\000a\000l\000c\000u\000l\000u\000s\000\040\000o\000f\000\040\000I\000n\000t\000e\000g\000r\000a\000l\000s\000\040\000i\000n\000\040\000R\0002\000\040\000a\000n\000d\000\040\000R\0003}{chapter.5}% 42
\BOOKMARK [2][-]{subsection.5.3.1}{\376\377\000D\000o\000u\000b\000l\000e\000\040\000I\000n\000t\000e\000g\000r\000a\000t\000i\000o\000n}{section.5.3}% 43
\BOOKMARK [2][-]{subsection.5.3.2}{\376\377\000T\000r\000i\000p\000l\000e\000\040\000I\000n\000t\000e\000g\000r\000a\000t\000i\000o\000n}{section.5.3}% 44
\BOOKMARK [2][-]{subsection.5.3.3}{\376\377\000C\000h\000a\000n\000g\000e\000\040\000o\000f\000\040\000V\000a\000r\000i\000a\000b\000l\000e\000s}{section.5.3}% 45
\BOOKMARK [2][-]{subsection.5.3.4}{\376\377\000L\000i\000n\000e\000\040\000I\000n\000t\000e\000g\000r\000a\000l\000s}{section.5.3}% 46
\BOOKMARK [2][-]{subsection.5.3.5}{\376\377\000S\000u\000r\000f\000a\000c\000e\000\040\000I\000n\000t\000e\000g\000r\000a\000l\000s}{section.5.3}% 47
\BOOKMARK [1][-]{section.5.4}{\376\377\000I\000n\000t\000e\000g\000r\000a\000t\000i\000o\000n\000\040\000i\000n\000\040\000C}{chapter.5}% 48
\BOOKMARK [2][-]{subsection.5.4.1}{\376\377\000I\000n\000t\000e\000g\000r\000a\000t\000i\000o\000n\000\040\000o\000f\000\040\000H\000o\000l\000o\000m\000o\000r\000p\000h\000i\000c\000\040\000F\000u\000n\000c\000t\000i\000o\000n\000s}{section.5.4}% 49
\BOOKMARK [2][-]{subsection.5.4.2}{\376\377\000I\000n\000t\000e\000g\000r\000a\000l\000\040\000R\000e\000p\000r\000e\000s\000e\000n\000t\000a\000t\000i\000o\000n\000\040\000o\000f\000\040\000H\000o\000l\000o\000m\000o\000r\000p\000h\000i\000c\000\040\000F\000u\000n\000c\000t\000i\000o\000n\000s}{section.5.4}% 50
\BOOKMARK [1][-]{section.5.5}{\376\377\000I\000n\000t\000e\000g\000r\000a\000l\000\040\000T\000h\000e\000o\000r\000e\000m\000s\000\040\000i\000n\000\040\000R\0002\000\040\000a\000n\000d\000\040\000R\0003}{chapter.5}% 51
\BOOKMARK [0][-]{chapter.6}{\376\377\000S\000e\000q\000u\000e\000n\000c\000e\000s\000,\000\040\000S\000e\000r\000i\000e\000s\000\040\000a\000n\000d\000\040\000R\000e\000s\000i\000d\000u\000e\000s}{}% 52
\BOOKMARK [1][-]{section.6.1}{\376\377\000S\000e\000q\000u\000e\000n\000c\000e\000s\000\040\000o\000f\000\040\000F\000u\000n\000c\000t\000i\000o\000n\000s}{chapter.6}% 53
\BOOKMARK [1][-]{section.6.2}{\376\377\000S\000e\000r\000i\000e\000s\000\040\000o\000f\000\040\000F\000u\000n\000c\000t\000i\000o\000n\000s}{chapter.6}% 54
\BOOKMARK [2][-]{subsection.6.2.1}{\376\377\000P\000o\000w\000e\000r\000\040\000S\000e\000r\000i\000e\000s\000\040\000a\000n\000d\000\040\000C\000o\000n\000v\000e\000r\000g\000e\000n\000c\000e\000\040\000T\000e\000s\000t\000s}{section.6.2}% 55
\BOOKMARK [1][-]{section.6.3}{\376\377\000S\000e\000r\000i\000e\000s\000\040\000R\000e\000p\000r\000e\000s\000e\000n\000t\000a\000t\000i\000o\000n\000\040\000o\000f\000\040\000F\000u\000n\000c\000t\000i\000o\000n\000s}{chapter.6}% 56
\BOOKMARK [2][-]{subsection.6.3.1}{\376\377\000T\000a\000y\000l\000o\000r\000\040\000S\000e\000r\000i\000e\000s}{section.6.3}% 57
\BOOKMARK [2][-]{subsection.6.3.2}{\376\377\000L\000a\000u\000r\000e\000n\000t\000\040\000S\000e\000r\000i\000e\000s}{section.6.3}% 58
\BOOKMARK [2][-]{subsection.6.3.3}{\376\377\000M\000u\000l\000t\000i\000p\000l\000i\000c\000a\000t\000i\000o\000n\000\040\000a\000n\000d\000\040\000D\000i\000v\000i\000s\000i\000o\000n\000\040\000o\000f\000\040\000P\000o\000w\000e\000r\000\040\000S\000e\000r\000i\000e\000s}{section.6.3}% 59
\BOOKMARK [2][-]{subsection.6.3.4}{\376\377\000U\000s\000e\000f\000u\000l\000\040\000E\000x\000p\000a\000n\000s\000i\000o\000n\000s}{section.6.3}% 60
\BOOKMARK [1][-]{section.6.4}{\376\377\000R\000e\000s\000i\000d\000u\000e\000s}{chapter.6}% 61
\BOOKMARK [2][-]{subsection.6.4.1}{\376\377\000S\000i\000n\000g\000u\000l\000a\000r\000i\000t\000i\000e\000s\000\040\000a\000n\000d\000\040\000R\000e\000s\000i\000d\000u\000e\000s}{section.6.4}% 62
\BOOKMARK [2][-]{subsection.6.4.2}{\376\377\000C\000l\000a\000s\000s\000i\000f\000i\000c\000a\000t\000i\000o\000n\000\040\000o\000f\000\040\000S\000i\000n\000g\000u\000l\000a\000r\000i\000t\000i\000e\000s\000,\000\040\000Z\000e\000r\000o\000s\000\040\000a\000n\000d\000\040\000P\000o\000l\000e\000s}{section.6.4}% 63
\BOOKMARK [1][-]{section.6.5}{\376\377\000A\000p\000p\000l\000i\000c\000a\000t\000i\000o\000n\000s\000\040\000o\000f\000\040\000R\000e\000s\000i\000d\000u\000e\000\040\000C\000a\000l\000c\000u\000l\000u\000s}{chapter.6}% 64
\BOOKMARK [2][-]{subsection.6.5.1}{\376\377\000I\000m\000p\000r\000o\000p\000e\000r\000\040\000I\000n\000t\000e\000g\000r\000a\000l\000s}{section.6.5}% 65
\BOOKMARK [2][-]{subsection.6.5.2}{\376\377\000G\000e\000n\000e\000r\000a\000l\000\040\000R\000u\000l\000e\000s}{section.6.5}% 66
\BOOKMARK [0][-]{chapter.7}{\376\377\000H\000i\000l\000b\000e\000r\000t\000\040\000a\000n\000d\000\040\000B\000a\000n\000a\000c\000h\000\040\000S\000p\000a\000c\000e\000s}{}% 67
\BOOKMARK [1][-]{section.7.1}{\376\377\000B\000a\000n\000a\000c\000h\000\040\000S\000p\000a\000c\000e\000s}{chapter.7}% 68
\BOOKMARK [2][-]{subsection.7.1.1}{\376\377\000S\000e\000q\000u\000e\000n\000c\000e\000\040\000S\000p\000a\000c\000e\000s}{section.7.1}% 69
\BOOKMARK [2][-]{subsection.7.1.2}{\376\377\000F\000u\000n\000c\000t\000i\000o\000n\000\040\000S\000p\000a\000c\000e\000s}{section.7.1}% 70
\BOOKMARK [2][-]{subsection.7.1.3}{\376\377\000F\000u\000n\000c\000t\000i\000o\000n\000\040\000S\000p\000a\000c\000e\000s\000\040\000i\000n\000\040\000R\000n}{section.7.1}% 71
\BOOKMARK [1][-]{section.7.2}{\376\377\000H\000i\000l\000b\000e\000r\000t\000\040\000S\000p\000a\000c\000e\000s}{chapter.7}% 72
\BOOKMARK [1][-]{section.7.3}{\376\377\000P\000r\000o\000j\000e\000c\000t\000i\000o\000n\000s}{chapter.7}% 73
\BOOKMARK [2][-]{subsection.7.3.1}{\376\377\000O\000r\000t\000h\000o\000g\000o\000n\000a\000l\000i\000t\000y}{section.7.3}% 74
\BOOKMARK [2][-]{subsection.7.3.2}{\376\377\000P\000r\000o\000j\000e\000c\000t\000i\000o\000n\000s\000\040\000a\000n\000d\000\040\000O\000r\000t\000h\000o\000g\000o\000n\000a\000l\000\040\000P\000r\000o\000j\000e\000c\000t\000i\000o\000n\000s}{section.7.3}% 75
\BOOKMARK [2][-]{subsection.7.3.3}{\376\377\000O\000r\000t\000h\000o\000g\000o\000n\000a\000l\000\040\000S\000y\000s\000t\000e\000m\000s\000\040\000a\000n\000d\000\040\000B\000a\000s\000e\000s}{section.7.3}% 76
\BOOKMARK [0][-]{chapter.8}{\376\377\000D\000i\000s\000t\000r\000i\000b\000u\000t\000i\000o\000n\000s}{}% 77
\BOOKMARK [1][-]{section.8.1}{\376\377\000L\000i\000n\000e\000a\000r\000\040\000F\000u\000n\000c\000t\000i\000o\000n\000a\000l\000s}{chapter.8}% 78
\BOOKMARK [2][-]{subsection.8.1.1}{\376\377\000D\000u\000a\000l\000\040\000S\000p\000a\000c\000e\000s\000\040\000a\000n\000d\000\040\000F\000u\000n\000c\000t\000i\000o\000n\000a\000l\000s}{section.8.1}% 79
\BOOKMARK [1][-]{section.8.2}{\376\377\000D\000i\000s\000t\000r\000i\000b\000u\000t\000i\000o\000n\000s}{chapter.8}% 80
\BOOKMARK [2][-]{subsection.8.2.1}{\376\377\000L\000o\000c\000a\000l\000\040\000I\000n\000t\000e\000g\000r\000a\000b\000i\000l\000i\000t\000y}{section.8.2}% 81
\BOOKMARK [2][-]{subsection.8.2.2}{\376\377\000R\000e\000g\000u\000l\000a\000r\000\040\000a\000n\000d\000\040\000S\000i\000n\000g\000u\000l\000a\000r\000\040\000D\000i\000s\000t\000r\000i\000b\000u\000t\000i\000o\000n\000s}{section.8.2}% 82
\BOOKMARK [2][-]{subsection.8.2.3}{\376\377\000O\000p\000e\000r\000a\000t\000i\000o\000n\000s\000\040\000w\000i\000t\000h\000\040\000D\000i\000s\000t\000r\000i\000b\000u\000t\000i\000o\000n\000s}{section.8.2}% 83
\BOOKMARK [2][-]{subsection.8.2.4}{\376\377\000A\000\040\000P\000h\000y\000s\000i\000c\000i\000s\000t\000'\000s\000\040\000T\000r\000i\000c\000k\000,\000\040\000T\000h\000e\000\040\000D\000i\000r\000a\000c\000\040\000\040\000`\000`\000F\000u\000n\000c\000t\000i\000o\000n\000'\000'}{section.8.2}% 84
\BOOKMARK [1][-]{section.8.3}{\376\377\000I\000n\000t\000e\000g\000r\000a\000l\000\040\000R\000e\000p\000r\000e\000s\000e\000n\000t\000a\000t\000i\000o\000n\000\040\000o\000f\000\040\000D\000i\000s\000t\000r\000i\000b\000u\000t\000i\000o\000n\000s}{chapter.8}% 85
\BOOKMARK [2][-]{subsection.8.3.1}{\376\377\000D\000i\000r\000a\000c\000\040\000D\000e\000l\000t\000a\000\040\000a\000n\000d\000\040\000H\000e\000a\000v\000i\000s\000i\000d\000e\000\040\000T\000h\000e\000t\000a}{section.8.3}% 86
\BOOKMARK [2][-]{subsection.8.3.2}{\376\377\000D\000i\000s\000t\000r\000i\000b\000u\000t\000i\000o\000n\000s\000\040\000i\000n\000\040\000R\000n}{section.8.3}% 87
\BOOKMARK [1][-]{section.8.4}{\376\377\000S\000o\000m\000e\000\040\000A\000p\000p\000l\000i\000c\000a\000t\000i\000o\000n\000s\000\040\000i\000n\000\040\000P\000h\000y\000s\000i\000c\000s}{chapter.8}% 88
\BOOKMARK [2][-]{subsection.8.4.1}{\376\377\000E\000l\000e\000c\000t\000r\000o\000s\000t\000a\000t\000i\000c\000s}{section.8.4}% 89
\BOOKMARK [0][-]{chapter.9}{\376\377\000O\000r\000d\000i\000n\000a\000r\000y\000\040\000D\000i\000f\000f\000e\000r\000e\000n\000t\000i\000a\000l\000\040\000E\000q\000u\000a\000t\000i\000o\000n\000s}{}% 90
\BOOKMARK [1][-]{section.9.1}{\376\377\000E\000x\000i\000s\000t\000e\000n\000c\000e\000\040\000o\000f\000\040\000S\000o\000l\000u\000t\000i\000o\000n\000s}{chapter.9}% 91
\BOOKMARK [1][-]{section.9.2}{\376\377\000C\000o\000m\000m\000o\000n\000\040\000S\000o\000l\000v\000i\000n\000g\000\040\000M\000e\000t\000h\000o\000d\000s}{chapter.9}% 92
\BOOKMARK [2][-]{subsection.9.2.1}{\376\377\000F\000i\000r\000s\000t\000\040\000O\000r\000d\000e\000r\000\040\000L\000i\000n\000e\000a\000r\000\040\000O\000D\000E\000s}{section.9.2}% 93
\BOOKMARK [2][-]{subsection.9.2.2}{\376\377\000S\000e\000c\000o\000n\000d\000\040\000O\000r\000d\000e\000r\000\040\000L\000i\000n\000e\000a\000r\000\040\000O\000D\000E\000s}{section.9.2}% 94
\BOOKMARK [0][-]{chapter.10}{\376\377\000F\000o\000u\000r\000i\000e\000r\000\040\000C\000a\000l\000c\000u\000l\000u\000s}{}% 95
\BOOKMARK [1][-]{section.10.1}{\376\377\000B\000e\000s\000s\000e\000l\000\040\000I\000n\000e\000q\000u\000a\000l\000i\000t\000y\000\040\000a\000n\000d\000\040\000F\000o\000u\000r\000i\000e\000r\000\040\000C\000o\000e\000f\000f\000i\000c\000i\000e\000n\000t\000s}{chapter.10}% 96
\BOOKMARK [1][-]{section.10.2}{\376\377\000F\000o\000u\000r\000i\000e\000r\000\040\000S\000e\000r\000i\000e\000s}{chapter.10}% 97
\BOOKMARK [2][-]{subsection.10.2.1}{\376\377\000F\000o\000u\000r\000i\000e\000r\000\040\000S\000e\000r\000i\000e\000s\000\040\000i\000n\000\040\000L\0002\000[\000-\000,\000]}{section.10.2}% 98
\BOOKMARK [2][-]{subsection.10.2.2}{\376\377\000F\000o\000u\000r\000i\000e\000r\000\040\000S\000e\000r\000i\000e\000s\000\040\000i\000n\000\040\000L\0002\000[\000a\000,\000b\000]}{section.10.2}% 99
\BOOKMARK [2][-]{subsection.10.2.3}{\376\377\000F\000o\000u\000r\000i\000e\000r\000\040\000S\000e\000r\000i\000e\000s\000\040\000i\000n\000\040\000S\000y\000m\000m\000e\000t\000r\000i\000c\000\040\000I\000n\000t\000e\000r\000v\000a\000l\000s\000,\000\040\000E\000x\000p\000a\000n\000s\000i\000o\000n\000\040\000i\000n\000\040\000O\000n\000l\000y\000\040\000S\000i\000n\000e\000s\000\040\000a\000n\000d\000\040\000C\000o\000s\000i\000n\000e\000s}{section.10.2}% 100
\BOOKMARK [2][-]{subsection.10.2.4}{\376\377\000C\000o\000m\000p\000l\000e\000x\000\040\000F\000o\000u\000r\000i\000e\000r\000\040\000S\000e\000r\000i\000e\000s}{section.10.2}% 101
\BOOKMARK [2][-]{subsection.10.2.5}{\376\377\000P\000i\000e\000c\000e\000w\000i\000s\000e\000\040\000D\000e\000r\000i\000v\000a\000b\000i\000l\000i\000t\000y\000,\000\040\000P\000o\000i\000n\000t\000w\000i\000s\000e\000\040\000a\000n\000d\000\040\000U\000n\000i\000f\000o\000r\000m\000\040\000C\000o\000n\000v\000e\000r\000g\000e\000n\000c\000e\000\040\000o\000f\000\040\000F\000o\000u\000r\000i\000e\000r\000\040\000S\000e\000r\000i\000e\000s}{section.10.2}% 102
\BOOKMARK [2][-]{subsection.10.2.6}{\376\377\000S\000o\000l\000v\000i\000n\000g\000\040\000t\000h\000e\000\040\000H\000e\000a\000t\000\040\000E\000q\000u\000a\000t\000i\000o\000n\000\040\000w\000i\000t\000h\000\040\000F\000o\000u\000r\000i\000e\000r\000\040\000S\000e\000r\000i\000e\000s}{section.10.2}% 103
\BOOKMARK [1][-]{section.10.3}{\376\377\000F\000o\000u\000r\000i\000e\000r\000\040\000T\000r\000a\000n\000s\000f\000o\000r\000m}{chapter.10}% 104
\BOOKMARK [2][-]{subsection.10.3.1}{\376\377\000F\000o\000u\000r\000i\000e\000r\000\040\000I\000n\000t\000e\000g\000r\000a\000l\000s\000,\000\040\000T\000r\000a\000n\000s\000l\000a\000t\000i\000o\000n\000s\000,\000\040\000D\000i\000l\000a\000t\000i\000o\000n\000s}{section.10.3}% 105
\BOOKMARK [2][-]{subsection.10.3.2}{\376\377\000B\000e\000h\000a\000v\000i\000o\000r\000\040\000o\000f\000\040\000F\000o\000u\000r\000i\000e\000r\000\040\000T\000r\000a\000n\000s\000f\000o\000r\000m\000s}{section.10.3}% 106
\BOOKMARK [2][-]{subsection.10.3.3}{\376\377\000I\000n\000v\000e\000r\000s\000e\000\040\000F\000o\000u\000r\000i\000e\000r\000\040\000T\000r\000a\000n\000s\000f\000o\000r\000m}{section.10.3}% 107
\BOOKMARK [2][-]{subsection.10.3.4}{\376\377\000C\000o\000n\000v\000o\000l\000u\000t\000i\000o\000n\000\040\000P\000r\000o\000d\000u\000c\000t}{section.10.3}% 108
\BOOKMARK [2][-]{subsection.10.3.5}{\376\377\000S\000o\000l\000v\000i\000n\000g\000\040\000t\000h\000e\000\040\000H\000e\000a\000t\000\040\000E\000q\000u\000a\000t\000i\000o\000n\000\040\000w\000i\000t\000h\000\040\000F\000o\000u\000r\000i\000e\000r\000\040\000T\000r\000a\000n\000s\000f\000o\000r\000m\000s}{section.10.3}% 109
\BOOKMARK [0][-]{appendix.A}{\376\377\000U\000s\000e\000f\000u\000l\000\040\000C\000o\000n\000c\000e\000p\000t\000s}{}% 110
\BOOKMARK [1][-]{section.A.1}{\376\377\000M\000u\000l\000t\000i\000-\000I\000n\000d\000e\000x\000\040\000N\000o\000t\000a\000t\000i\000o\000n}{appendix.A}% 111
\BOOKMARK [1][-]{section.A.2}{\376\377\000P\000r\000o\000p\000e\000r\000t\000i\000e\000s\000\040\000o\000f\000\040\000t\000h\000e\000\040\000F\000o\000u\000r\000i\000e\000r\000\040\000T\000r\000a\000n\000s\000f\000o\000r\000m}{appendix.A}% 112
\BOOKMARK [0][-]{appendix.B}{\376\377\000C\000o\000m\000m\000o\000n\000\040\000F\000o\000u\000r\000i\000e\000r\000\040\000T\000r\000a\000n\000s\000f\000o\000r\000m\000s}{}% 113
\BOOKMARK [1][-]{section.B.1}{\376\377\000C\000o\000m\000m\000o\000n\000\040\000F\000o\000u\000r\000i\000e\000r\000\040\000T\000r\000a\000n\000s\000f\000o\000r\000m\000s}{appendix.B}% 114
