\BOOKMARK [-1][-]{part.1}{\376\377\000I\000\040\000E\000l\000e\000c\000t\000r\000o\000s\000t\000a\000t\000i\000c\000s}{}% 1
\BOOKMARK [0][-]{chapter.1}{\376\377\000T\000h\000e\000\040\000E\000l\000e\000c\000t\000r\000i\000c\000\040\000F\000i\000e\000l\000d}{part.1}% 2
\BOOKMARK [1][-]{section.1.1}{\376\377\000E\000l\000e\000c\000t\000r\000i\000c\000\040\000F\000o\000r\000c\000e\000s\000\040\000a\000n\000d\000\040\000t\000h\000e\000\040\000E\000l\000e\000c\000t\000r\000i\000c\000\040\000F\000i\000e\000l\000d}{chapter.1}% 3
\BOOKMARK [2][-]{subsection.1.1.1}{\376\377\000D\000i\000v\000e\000r\000g\000e\000n\000c\000e\000\040\000o\000f\000\040\000t\000h\000e\000\040\000E\000l\000e\000c\000t\000r\000o\000s\000t\000a\000t\000i\000c\000\040\000F\000i\000e\000l\000d}{section.1.1}% 4
\BOOKMARK [2][-]{subsection.1.1.2}{\376\377\000T\000h\000e\000\040\000S\000c\000a\000l\000a\000r\000\040\000P\000o\000t\000e\000n\000t\000i\000a\000l}{section.1.1}% 5
\BOOKMARK [2][-]{subsection.1.1.3}{\376\377\000M\000a\000x\000w\000e\000l\000l\000\040\000E\000q\000u\000a\000t\000i\000o\000n\000s\000\040\000f\000o\000r\000\040\000E\000l\000e\000c\000t\000r\000o\000s\000t\000a\000t\000i\000c\000s\000\040\000a\000n\000d\000\040\000B\000o\000u\000n\000d\000a\000r\000y\000\040\000C\000o\000n\000d\000i\000t\000i\000o\000n\000s}{section.1.1}% 6
\BOOKMARK [2][-]{subsection.1.1.4}{\376\377\000E\000n\000e\000r\000g\000y\000\040\000o\000f\000\040\000t\000h\000e\000\040\000E\000l\000e\000c\000t\000r\000o\000s\000t\000a\000t\000i\000c\000\040\000F\000i\000e\000l\000d}{section.1.1}% 7
\BOOKMARK [1][-]{section.1.2}{\376\377\000C\000o\000n\000d\000u\000c\000t\000o\000r\000s}{chapter.1}% 8
\BOOKMARK [2][-]{subsection.1.2.1}{\376\377\000C\000o\000u\000l\000o\000m\000b\000\040\000T\000h\000e\000o\000r\000e\000m}{section.1.2}% 9
\BOOKMARK [2][-]{subsection.1.2.2}{\376\377\000I\000n\000d\000u\000c\000e\000d\000\040\000C\000h\000a\000r\000g\000e\000s}{section.1.2}% 10
\BOOKMARK [2][-]{subsection.1.2.3}{\376\377\000C\000a\000p\000a\000c\000i\000t\000y}{section.1.2}% 11
\BOOKMARK [2][-]{subsection.1.2.4}{\376\377\000C\000a\000p\000a\000c\000i\000t\000o\000r\000s}{section.1.2}% 12
\BOOKMARK [2][-]{subsection.1.2.5}{\376\377\000F\000o\000r\000c\000e\000s\000\040\000o\000n\000\040\000a\000\040\000C\000o\000n\000d\000u\000c\000t\000o\000r}{section.1.2}% 13
\BOOKMARK [0][-]{chapter.2}{\376\377\000T\000h\000e\000\040\000E\000l\000e\000c\000t\000r\000o\000s\000t\000a\000t\000i\000c\000\040\000P\000o\000t\000e\000n\000t\000i\000a\000l}{part.1}% 14
\BOOKMARK [1][-]{section.2.1}{\376\377\000P\000o\000i\000s\000s\000o\000n\000\040\000a\000n\000d\000\040\000L\000a\000p\000l\000a\000c\000e\000\040\000E\000q\000u\000a\000t\000i\000o\000n\000s}{chapter.2}% 15
\BOOKMARK [2][-]{subsection.2.1.1}{\376\377\000G\000r\000e\000e\000n\000\040\000I\000d\000e\000n\000t\000i\000t\000i\000e\000s}{section.2.1}% 16
\BOOKMARK [2][-]{subsection.2.1.2}{\376\377\000B\000o\000u\000n\000d\000a\000r\000y\000\040\000C\000o\000n\000d\000i\000t\000i\000o\000n\000s\000\040\000a\000n\000d\000\040\000U\000n\000i\000q\000u\000e\000n\000e\000s\000s\000\040\000o\000f\000\040\000t\000h\000e\000\040\000S\000o\000l\000u\000t\000i\000o\000n}{section.2.1}% 17
\BOOKMARK [2][-]{subsection.2.1.3}{\376\377\000M\000e\000t\000h\000o\000d\000\040\000o\000f\000\040\000I\000m\000a\000g\000e\000s}{section.2.1}% 18
\BOOKMARK [1][-]{section.2.2}{\376\377\000S\000e\000p\000a\000r\000a\000t\000i\000o\000n\000\040\000o\000f\000\040\000V\000a\000r\000i\000a\000b\000l\000e\000s}{chapter.2}% 19
\BOOKMARK [2][-]{subsection.2.2.1}{\376\377\000L\000a\000p\000l\000a\000c\000e\000\040\000E\000q\000u\000a\000t\000i\000o\000n\000\040\000i\000n\000\040\000S\000p\000h\000e\000r\000i\000c\000a\000l\000\040\000C\000o\000o\000r\000d\000i\000n\000a\000t\000e\000s}{section.2.2}% 20
\BOOKMARK [1][-]{section.2.3}{\376\377\000M\000u\000l\000t\000i\000p\000o\000l\000e\000\040\000E\000x\000p\000a\000n\000s\000i\000o\000n\000\040\000o\000f\000\040\000t\000h\000e\000\040\000P\000o\000t\000e\000n\000t\000i\000a\000l}{chapter.2}% 21
\BOOKMARK [2][-]{subsection.2.3.1}{\376\377\000E\000l\000e\000c\000t\000r\000i\000c\000\040\000D\000i\000p\000o\000l\000e\000s}{section.2.3}% 22
\BOOKMARK [0][-]{chapter.3}{\376\377\000E\000l\000e\000c\000t\000r\000i\000c\000i\000t\000y\000\040\000i\000n\000\040\000M\000a\000t\000t\000e\000r}{part.1}% 23
\BOOKMARK [1][-]{section.3.1}{\376\377\000P\000o\000l\000a\000r\000i\000z\000a\000t\000i\000o\000n}{chapter.3}% 24
\BOOKMARK [2][-]{subsection.3.1.1}{\376\377\000T\000h\000e\000\040\000P\000o\000l\000a\000r\000i\000z\000a\000t\000i\000o\000n\000\040\000F\000i\000e\000l\000d}{section.3.1}% 25
\BOOKMARK [1][-]{section.3.2}{\376\377\000P\000e\000r\000f\000e\000c\000t\000\040\000D\000i\000e\000l\000e\000c\000t\000r\000i\000c\000s}{chapter.3}% 26
\BOOKMARK [2][-]{subsection.3.2.1}{\376\377\000L\000o\000c\000a\000l\000\040\000E\000l\000e\000c\000t\000r\000i\000c\000\040\000F\000i\000e\000l\000d}{section.3.2}% 27
\BOOKMARK [2][-]{subsection.3.2.2}{\376\377\000S\000u\000s\000c\000e\000p\000t\000i\000b\000i\000l\000i\000t\000y\000\040\000a\000n\000d\000\040\000t\000h\000e\000\040\000C\000l\000a\000u\000s\000i\000u\000s\000-\000M\000o\000s\000s\000o\000t\000t\000i\000\040\000r\000e\000l\000a\000t\000i\000o\000n}{section.3.2}% 28
\BOOKMARK [3][-]{subsubsection.3.2.2.1}{\376\377\000G\000a\000s\000e\000s\000\040\000a\000n\000d\000\040\000V\000a\000p\000o\000r\000s}{subsection.3.2.2}% 29
\BOOKMARK [3][-]{subsubsection.3.2.2.2}{\376\377\000L\000i\000q\000u\000i\000d\000s\000\040\000a\000n\000d\000\040\000A\000m\000o\000r\000p\000h\000o\000u\000s\000\040\000S\000u\000b\000s\000t\000a\000n\000c\000e\000s}{subsection.3.2.2}% 30
\BOOKMARK [3][-]{subsubsection.3.2.2.3}{\376\377\000A\000n\000i\000s\000o\000t\000r\000o\000p\000i\000c\000\040\000S\000o\000l\000i\000d\000s\000,\000\040\000E\000l\000e\000c\000t\000r\000e\000t\000s\000\040\000a\000n\000d\000\040\000P\000i\000e\000z\000o\000e\000l\000e\000c\000t\000r\000i\000c\000i\000t\000y}{subsection.3.2.2}% 31
\BOOKMARK [2][-]{subsection.3.2.3}{\376\377\000T\000h\000e\000\040\000E\000l\000e\000c\000t\000r\000i\000c\000\040\000D\000i\000s\000p\000l\000a\000c\000e\000m\000e\000n\000t\000\040\000F\000i\000e\000l\000d}{section.3.2}% 32
\BOOKMARK [1][-]{section.3.3}{\376\377\000M\000a\000x\000w\000e\000l\000l\000\040\000E\000q\000u\000a\000t\000i\000o\000n\000s\000\040\000f\000o\000r\000\040\000E\000l\000e\000c\000t\000r\000o\000s\000t\000a\000t\000i\000c\000s\000\040\000i\000n\000\040\000L\000i\000n\000e\000a\000r\000\040\000D\000i\000e\000l\000e\000c\000t\000r\000i\000c\000s}{chapter.3}% 33
\BOOKMARK [2][-]{subsection.3.3.1}{\376\377\000B\000o\000u\000n\000d\000a\000r\000y\000\040\000C\000o\000n\000d\000i\000t\000i\000o\000n\000s}{section.3.3}% 34
\BOOKMARK [1][-]{section.3.4}{\376\377\000E\000l\000e\000c\000t\000r\000o\000s\000t\000a\000t\000i\000c\000\040\000E\000n\000e\000r\000g\000y\000\040\000w\000i\000t\000h\000\040\000D\000i\000e\000l\000e\000c\000t\000r\000i\000c\000s}{chapter.3}% 35
\BOOKMARK [-1][-]{part.2}{\376\377\000I\000I\000\040\000M\000a\000g\000n\000e\000t\000o\000s\000t\000a\000t\000i\000c\000s}{}% 36
\BOOKMARK [0][-]{chapter.4}{\376\377\000T\000h\000e\000\040\000M\000a\000g\000n\000e\000t\000i\000c\000\040\000F\000i\000e\000l\000d}{part.2}% 37
\BOOKMARK [1][-]{section.4.1}{\376\377\000E\000l\000e\000c\000t\000r\000i\000c\000\040\000C\000u\000r\000r\000e\000n\000t\000s}{chapter.4}% 38
\BOOKMARK [2][-]{subsection.4.1.1}{\376\377\000C\000h\000a\000r\000g\000e\000\040\000C\000o\000n\000s\000e\000r\000v\000a\000t\000i\000o\000n}{section.4.1}% 39
\BOOKMARK [1][-]{section.4.2}{\376\377\000L\000o\000r\000e\000n\000t\000z\000\040\000F\000o\000r\000c\000e\000\040\000a\000n\000d\000\040\000M\000a\000g\000n\000e\000t\000i\000c\000\040\000F\000i\000e\000l\000d\000s}{chapter.4}% 40
\BOOKMARK [2][-]{subsection.4.2.1}{\376\377\000L\000o\000r\000e\000n\000t\000z\000\040\000F\000o\000r\000c\000e\000\040\000L\000a\000w}{section.4.2}% 41
\BOOKMARK [2][-]{subsection.4.2.2}{\376\377\000M\000o\000t\000i\000o\000n\000\040\000o\000f\000\040\000C\000h\000a\000r\000g\000e\000s\000\040\000i\000n\000\040\000M\000a\000g\000n\000e\000t\000i\000c\000\040\000F\000i\000e\000l\000d\000s}{section.4.2}% 42
\BOOKMARK [2][-]{subsection.4.2.3}{\376\377\000M\000e\000c\000h\000a\000n\000i\000c\000a\000l\000\040\000A\000c\000t\000i\000o\000n\000s\000\040\000o\000n\000\040\000C\000i\000r\000c\000u\000i\000t\000s}{section.4.2}% 43
\BOOKMARK [1][-]{section.4.3}{\376\377\000M\000a\000x\000w\000e\000l\000l\000'\000s\000\040\000E\000q\000u\000a\000t\000i\000o\000n\000s\000\040\000f\000o\000r\000\040\000M\000a\000g\000n\000e\000t\000o\000s\000t\000a\000t\000i\000c\000s}{chapter.4}% 44
\BOOKMARK [2][-]{subsection.4.3.1}{\376\377\000B\000i\000o\000t\000-\000S\000a\000v\000a\000r\000t\000'\000s\000\040\000L\000a\000w}{section.4.3}% 45
\BOOKMARK [2][-]{subsection.4.3.2}{\376\377\000D\000i\000v\000e\000r\000g\000e\000n\000c\000e\000\040\000a\000n\000d\000\040\000C\000u\000r\000l\000\040\000o\000f\000\040\000B}{section.4.3}% 46
\BOOKMARK [2][-]{subsection.4.3.3}{\376\377\000T\000h\000e\000\040\000P\000a\000r\000a\000l\000l\000e\000l\000\040\000B\000e\000t\000w\000e\000e\000n\000\040\000M\000a\000g\000n\000e\000t\000o\000s\000t\000a\000t\000i\000c\000s\000\040\000a\000n\000d\000\040\000E\000l\000e\000c\000t\000r\000o\000s\000t\000a\000t\000i\000c\000s}{section.4.3}% 47
\BOOKMARK [3][-]{subsubsection.4.3.3.1}{\376\377\000M\000a\000g\000n\000e\000t\000i\000c\000\040\000P\000o\000t\000e\000n\000t\000i\000a\000l\000s}{subsection.4.3.3}% 48
\BOOKMARK [2][-]{subsection.4.3.4}{\376\377\000B\000o\000u\000n\000d\000a\000r\000y\000\040\000C\000o\000n\000d\000i\000t\000i\000o\000n\000s\000\040\000f\000o\000r\000\040\000t\000h\000e\000\040\000M\000a\000g\000n\000e\000t\000i\000c\000\040\000F\000i\000e\000l\000d}{section.4.3}% 49
\BOOKMARK [1][-]{section.4.4}{\376\377\000M\000a\000g\000n\000e\000t\000i\000c\000\040\000D\000i\000p\000o\000l\000e\000s}{chapter.4}% 50
\BOOKMARK [2][-]{subsection.4.4.1}{\376\377\000I\000n\000t\000e\000r\000a\000c\000t\000i\000o\000n\000\040\000B\000e\000t\000w\000e\000e\000n\000\040\000C\000u\000r\000r\000e\000n\000t\000s}{section.4.4}% 51
\BOOKMARK [0][-]{chapter.5}{\376\377\000M\000a\000g\000n\000e\000t\000i\000s\000m\000\040\000i\000n\000\040\000M\000a\000t\000t\000e\000r}{part.2}% 52
\BOOKMARK [1][-]{section.5.1}{\376\377\000M\000a\000g\000n\000e\000t\000i\000z\000a\000t\000i\000o\000n}{chapter.5}% 53
\BOOKMARK [2][-]{subsection.5.1.1}{\376\377\000T\000h\000e\000\040\000M\000a\000g\000n\000e\000t\000i\000z\000a\000t\000i\000o\000n\000\040\000F\000i\000e\000l\000d}{section.5.1}% 54
\BOOKMARK [1][-]{section.5.2}{\376\377\000M\000a\000x\000w\000e\000l\000l\000\040\000E\000q\000u\000a\000t\000i\000o\000n\000s\000\040\000f\000o\000r\000\040\000M\000a\000g\000n\000e\000t\000o\000s\000t\000a\000t\000i\000c\000s\000\040\000i\000n\000\040\000M\000a\000g\000n\000e\000t\000i\000c\000\040\000M\000e\000d\000i\000a}{chapter.5}% 55
\BOOKMARK [2][-]{subsection.5.2.1}{\376\377\000B\000o\000u\000n\000d\000a\000r\000y\000\040\000C\000o\000n\000d\000i\000t\000i\000o\000n\000s}{section.5.2}% 56
\BOOKMARK [1][-]{section.5.3}{\376\377\000F\000e\000r\000r\000o\000m\000a\000g\000n\000e\000t\000s\000\040\000a\000n\000d\000\040\000H\000y\000s\000t\000e\000r\000e\000s\000i\000s\000\040\000C\000y\000c\000l\000e\000s}{chapter.5}% 57
\BOOKMARK [1][-]{section.5.4}{\376\377\000L\000o\000c\000a\000l\000\040\000M\000a\000g\000n\000e\000t\000i\000c\000\040\000F\000i\000e\000l\000d}{chapter.5}% 58
\BOOKMARK [2][-]{subsection.5.4.1}{\376\377\000L\000a\000r\000m\000o\000r\000\040\000P\000r\000e\000c\000e\000s\000s\000i\000o\000n}{section.5.4}% 59
\BOOKMARK [3][-]{subsubsection.5.4.1.1}{\376\377\000M\000i\000c\000r\000o\000s\000c\000o\000p\000i\000c\000\040\000I\000n\000t\000e\000r\000p\000r\000e\000t\000a\000t\000i\000o\000n\000\040\000o\000f\000\040\000D\000i\000a\000m\000a\000g\000n\000e\000t\000s}{subsection.5.4.1}% 60
\BOOKMARK [2][-]{subsection.5.4.2}{\376\377\000L\000a\000n\000g\000e\000v\000i\000n\000\040\000F\000u\000n\000c\000t\000i\000o\000n}{section.5.4}% 61
\BOOKMARK [3][-]{subsubsection.5.4.2.1}{\376\377\000P\000a\000r\000a\000m\000a\000g\000n\000e\000t\000s}{subsection.5.4.2}% 62
\BOOKMARK [3][-]{subsubsection.5.4.2.2}{\376\377\000F\000e\000r\000r\000o\000m\000a\000g\000n\000e\000t\000s}{subsection.5.4.2}% 63
\BOOKMARK [-1][-]{part.3}{\376\377\000I\000I\000I\000\040\000E\000l\000e\000c\000t\000r\000o\000d\000y\000n\000a\000m\000i\000c\000s}{}% 64
\BOOKMARK [0][-]{chapter.6}{\376\377\000M\000a\000x\000w\000e\000l\000l\000'\000s\000\040\000E\000q\000u\000a\000t\000i\000o\000n\000s}{part.3}% 65
\BOOKMARK [1][-]{section.6.1}{\376\377\000F\000a\000r\000a\000d\000a\000y\000'\000s\000\040\000L\000a\000w}{chapter.6}% 66
\BOOKMARK [2][-]{subsection.6.1.1}{\376\377\000S\000e\000l\000f\000-\000I\000n\000d\000u\000c\000t\000i\000o\000n}{section.6.1}% 67
\BOOKMARK [2][-]{subsection.6.1.2}{\376\377\000M\000u\000t\000u\000a\000l\000-\000I\000n\000d\000u\000c\000t\000i\000o\000n}{section.6.1}% 68
\BOOKMARK [1][-]{section.6.2}{\376\377\000M\000a\000g\000n\000e\000t\000i\000c\000\040\000E\000n\000e\000r\000g\000y}{chapter.6}% 69
\BOOKMARK [1][-]{section.6.3}{\376\377\000M\000a\000x\000w\000e\000l\000l\000'\000s\000\040\000E\000q\000u\000a\000t\000i\000o\000n\000s}{chapter.6}% 70
\BOOKMARK [0][-]{chapter.7}{\376\377\000P\000o\000t\000e\000n\000t\000i\000a\000l\000s\000\040\000a\000n\000d\000\040\000F\000i\000e\000l\000d\000s}{part.3}% 71
\BOOKMARK [0][-]{chapter.8}{\376\377\000R\000e\000l\000a\000t\000i\000v\000i\000s\000t\000i\000c\000\040\000E\000l\000e\000c\000t\000r\000o\000d\000y\000n\000a\000m\000i\000c\000s}{part.3}% 72
\BOOKMARK [0][-]{appendix.A}{\376\377\000E\000l\000e\000c\000t\000r\000i\000c\000\040\000C\000i\000r\000c\000u\000i\000t\000s}{part.3}% 73
\BOOKMARK [1][-]{section.A.1}{\376\377\000E\000l\000e\000c\000t\000r\000o\000n\000i\000c\000s}{appendix.A}% 74
\BOOKMARK [1][-]{section.A.2}{\376\377\000D\000C\000\040\000C\000u\000r\000r\000e\000n\000t}{appendix.A}% 75
\BOOKMARK [1][-]{section.A.3}{\376\377\000A\000C\000\040\000C\000u\000r\000r\000e\000n\000t}{appendix.A}% 76
\BOOKMARK [0][-]{appendix.B}{\376\377\000M\000a\000g\000n\000e\000t\000i\000c\000\040\000C\000i\000r\000c\000u\000i\000t\000s}{part.3}% 77
\BOOKMARK [0][-]{appendix.C}{\376\377\000S\000p\000e\000c\000i\000a\000l\000\040\000R\000e\000l\000a\000t\000i\000v\000i\000t\000y}{part.3}% 78
\BOOKMARK [1][-]{section.C.1}{\376\377\000P\000r\000i\000n\000c\000i\000p\000l\000e\000\040\000o\000f\000\040\000R\000e\000l\000a\000t\000i\000v\000i\000t\000y}{appendix.C}% 79
\BOOKMARK [1][-]{section.C.2}{\376\377\000S\000p\000a\000c\000e\000t\000i\000m\000e}{appendix.C}% 80
\BOOKMARK [2][-]{subsection.C.2.1}{\376\377\000S\000p\000a\000c\000e\000t\000i\000m\000e\000\040\000D\000i\000a\000g\000r\000a\000m\000s}{section.C.2}% 81
\BOOKMARK [1][-]{section.C.3}{\376\377\000P\000r\000o\000p\000e\000r\000\040\000T\000i\000m\000e}{appendix.C}% 82
\BOOKMARK [1][-]{section.C.4}{\376\377\000F\000o\000r\000m\000a\000l\000i\000z\000a\000t\000i\000o\000n\000\040\000o\000f\000\040\000t\000h\000e\000\040\000P\000r\000i\000n\000c\000i\000p\000l\000e\000\040\000o\000f\000\040\000R\000e\000l\000a\000t\000i\000v\000i\000t\000y}{appendix.C}% 83
\BOOKMARK [2][-]{subsection.C.4.1}{\376\377\000L\000e\000n\000g\000t\000h\000\040\000C\000o\000n\000t\000r\000a\000c\000t\000i\000o\000n\000\040\000a\000n\000d\000\040\000T\000i\000m\000e\000\040\000D\000i\000l\000a\000t\000i\000o\000n}{section.C.4}% 84
\BOOKMARK [2][-]{subsection.C.4.2}{\376\377\000V\000e\000l\000o\000c\000i\000t\000y\000\040\000T\000r\000a\000n\000s\000f\000o\000r\000m\000a\000t\000i\000o\000n\000s}{section.C.4}% 85
\BOOKMARK [1][-]{section.C.5}{\376\377\0004\000-\000V\000e\000c\000t\000o\000r\000s}{appendix.C}% 86
\BOOKMARK [2][-]{subsection.C.5.1}{\376\377\0004\000-\000V\000e\000l\000o\000c\000i\000t\000y\000\040\000a\000n\000d\000\040\0004\000-\000A\000c\000c\000e\000l\000e\000r\000a\000t\000i\000o\000n}{section.C.5}% 87
\BOOKMARK [1][-]{section.C.6}{\376\377\000E\000x\000e\000r\000c\000i\000s\000e\000s}{appendix.C}% 88
