\BOOKMARK [-1][-]{part.1}{\376\377\000I\000\040\000Q\000u\000a\000n\000t\000u\000m\000\040\000M\000e\000c\000h\000a\000n\000i\000c\000s}{}% 1
\BOOKMARK [0][-]{chapter.1}{\376\377\000T\000h\000e\000\040\000F\000a\000i\000l\000u\000r\000e\000\040\000o\000f\000\040\000C\000l\000a\000s\000s\000i\000c\000a\000l\000\040\000P\000h\000y\000s\000i\000c\000s}{part.1}% 2
\BOOKMARK [1][-]{section.1.1}{\376\377\000O\000l\000d\000\040\000Q\000u\000a\000n\000t\000u\000m\000\040\000M\000e\000c\000h\000a\000n\000i\000c\000s}{chapter.1}% 3
\BOOKMARK [1][-]{section.1.2}{\376\377\000W\000a\000v\000e\000-\000P\000a\000r\000t\000i\000c\000l\000e\000\040\000D\000u\000a\000l\000i\000t\000y}{chapter.1}% 4
\BOOKMARK [1][-]{section.1.3}{\376\377\000E\000x\000p\000e\000r\000i\000m\000e\000n\000t\000a\000l\000\040\000V\000e\000r\000i\000f\000i\000c\000a\000t\000i\000o\000n\000s\000\040\000o\000f\000\040\000Q\000u\000a\000n\000t\000u\000m\000\040\000M\000e\000c\000h\000a\000n\000i\000c\000s}{chapter.1}% 5
\BOOKMARK [2][-]{subsection.1.3.1}{\376\377\000D\000o\000u\000b\000l\000e\000\040\000S\000l\000i\000t\000\040\000E\000x\000p\000e\000r\000i\000m\000e\000n\000t\000\040\000a\000n\000d\000\040\000Q\000u\000a\000n\000t\000u\000m\000\040\000M\000e\000a\000s\000u\000r\000e\000m\000e\000n\000t}{section.1.3}% 6
\BOOKMARK [0][-]{chapter.2}{\376\377\000T\000h\000e\000\040\000F\000u\000n\000d\000a\000m\000e\000n\000t\000a\000l\000s}{part.1}% 7
\BOOKMARK [1][-]{section.2.1}{\376\377\000D\000i\000r\000a\000c\000\040\000N\000o\000t\000a\000t\000i\000o\000n}{chapter.2}% 8
\BOOKMARK [2][-]{subsection.2.1.1}{\376\377\000G\000e\000n\000e\000r\000a\000l\000i\000z\000e\000d\000\040\000V\000e\000c\000t\000o\000r\000s\000\040\000a\000n\000d\000\040\000T\000e\000n\000s\000o\000r\000s\000\040\000i\000n\000\040\000D\000i\000r\000a\000c\000\040\000N\000o\000t\000a\000t\000i\000o\000n}{section.2.1}% 9
\BOOKMARK [2][-]{subsection.2.1.2}{\376\377\000F\000u\000n\000c\000t\000i\000o\000n\000\040\000S\000p\000a\000c\000e\000s\000\040\000a\000n\000d\000\040\000L\000i\000n\000e\000a\000r\000\040\000O\000p\000e\000r\000a\000t\000o\000r\000s}{section.2.1}% 10
\BOOKMARK [1][-]{section.2.2}{\376\377\000A\000x\000i\000o\000m\000s\000\040\000o\000f\000\040\000Q\000u\000a\000n\000t\000u\000m\000\040\000M\000e\000c\000h\000a\000n\000i\000c\000s}{chapter.2}% 11
\BOOKMARK [1][-]{section.2.3}{\376\377\000R\000e\000p\000r\000e\000s\000e\000n\000t\000a\000t\000i\000o\000n\000\040\000T\000h\000e\000o\000r\000y}{chapter.2}% 12
\BOOKMARK [2][-]{subsection.2.3.1}{\376\377\000H\000e\000i\000s\000e\000n\000b\000e\000r\000g\000\040\000R\000e\000p\000r\000e\000s\000e\000n\000t\000a\000t\000i\000o\000n}{section.2.3}% 13
\BOOKMARK [2][-]{subsection.2.3.2}{\376\377\000S\000c\000h\000r\000\366\000d\000i\000n\000g\000e\000r\000\040\000R\000e\000p\000r\000e\000s\000e\000n\000t\000a\000t\000i\000o\000n}{section.2.3}% 14
\BOOKMARK [2][-]{subsection.2.3.3}{\376\377\000H\000a\000m\000i\000l\000t\000o\000n\000i\000a\000n\000\040\000O\000p\000e\000r\000a\000t\000o\000r\000s}{section.2.3}% 15
\BOOKMARK [0][-]{chapter.3}{\376\377\000Q\000u\000a\000n\000t\000u\000m\000\040\000D\000y\000n\000a\000m\000i\000c\000s\000\040\000i\000n\000\040\0001\000D}{part.1}% 16
\BOOKMARK [1][-]{section.3.1}{\376\377\000F\000r\000e\000e\000\040\000P\000a\000r\000t\000i\000c\000l\000e}{chapter.3}% 17
\BOOKMARK [1][-]{section.3.2}{\376\377\000Q\000u\000a\000n\000t\000u\000m\000\040\000H\000a\000r\000m\000o\000n\000i\000c\000\040\000O\000s\000c\000i\000l\000l\000a\000t\000o\000r}{chapter.3}% 18
\BOOKMARK [2][-]{subsection.3.2.1}{\376\377\000D\000i\000r\000a\000c\000\040\000F\000o\000r\000m\000u\000l\000a\000t\000i\000o\000n}{section.3.2}% 19
\BOOKMARK [2][-]{subsection.3.2.2}{\376\377\000C\000o\000h\000e\000r\000e\000n\000t\000\040\000S\000t\000a\000t\000e\000s\000\040\000o\000f\000\040\000t\000h\000e\000\040\000Q\000u\000a\000n\000t\000u\000m\000\040\000H\000a\000r\000m\000o\000n\000i\000c\000\040\000O\000s\000c\000i\000l\000l\000a\000t\000o\000r}{section.3.2}% 20
\BOOKMARK [2][-]{subsection.3.2.3}{\376\377\000S\000c\000h\000r\000\366\000d\000i\000n\000g\000e\000r\000\040\000F\000o\000r\000m\000u\000l\000a\000t\000i\000o\000n}{section.3.2}% 21
\BOOKMARK [1][-]{section.3.3}{\376\377\000I\000n\000f\000i\000n\000i\000t\000e\000\040\000S\000q\000u\000a\000r\000e\000\040\000W\000e\000l\000l}{chapter.3}% 22
\BOOKMARK [1][-]{section.3.4}{\376\377\000I\000n\000f\000i\000n\000i\000t\000e\000\040\000W\000a\000l\000l}{chapter.3}% 23
\BOOKMARK [1][-]{section.3.5}{\376\377\000F\000i\000n\000i\000t\000e\000\040\000S\000q\000u\000a\000r\000e\000\040\000W\000e\000l\000l}{chapter.3}% 24
\BOOKMARK [2][-]{subsection.3.5.1}{\376\377\000S\000c\000a\000t\000t\000e\000r\000i\000n\000g\000\040\000a\000n\000d\000\040\000T\000r\000a\000n\000s\000f\000e\000r\000\040\000M\000a\000t\000r\000i\000c\000e\000s}{section.3.5}% 25
\BOOKMARK [1][-]{section.3.6}{\376\377\000O\000n\000e\000\040\000D\000i\000m\000e\000n\000s\000i\000o\000n\000a\000l\000\040\000M\000o\000t\000i\000o\000n\000\040\000i\000n\000\040\000G\000e\000n\000e\000r\000i\000c\000\040\000P\000o\000t\000e\000n\000t\000i\000a\000l\000s}{chapter.3}% 26
\BOOKMARK [1][-]{section.3.7}{\376\377\000T\000i\000m\000e\000\040\000E\000v\000o\000l\000u\000t\000i\000o\000n\000\040\000o\000f\000\040\000Q\000u\000a\000n\000t\000u\000m\000\040\000S\000y\000s\000t\000e\000m\000s}{chapter.3}% 27
\BOOKMARK [2][-]{subsection.3.7.1}{\376\377\000G\000e\000n\000e\000r\000a\000l\000\040\000R\000e\000m\000a\000r\000k\000s\000\040\000a\000n\000d\000\040\000S\000c\000h\000r\000\366\000d\000i\000n\000g\000e\000r\000'\000s\000\040\000P\000i\000c\000t\000u\000r\000e}{section.3.7}% 28
\BOOKMARK [2][-]{subsection.3.7.2}{\376\377\000H\000e\000i\000s\000e\000n\000b\000e\000r\000g\000\040\000P\000i\000c\000t\000u\000r\000e\000\040\000a\000n\000d\000\040\000C\000o\000n\000s\000t\000a\000n\000t\000s\000\040\000o\000f\000\040\000M\000o\000t\000i\000o\000n}{section.3.7}% 29
\BOOKMARK [0][-]{chapter.4}{\376\377\000A\000n\000g\000u\000l\000a\000r\000\040\000M\000o\000m\000e\000n\000t\000u\000m}{part.1}% 30
\BOOKMARK [1][-]{section.4.1}{\376\377\000R\000o\000t\000a\000t\000i\000o\000n\000s}{chapter.4}% 31
\BOOKMARK [2][-]{subsection.4.1.1}{\376\377\000I\000n\000f\000i\000n\000i\000t\000e\000s\000i\000m\000a\000l\000\040\000R\000o\000t\000a\000t\000i\000o\000n\000s\000\040\000i\000n\000\040\000Q\000u\000a\000n\000t\000u\000m\000\040\000M\000e\000c\000h\000a\000n\000i\000c\000s}{section.4.1}% 32
\BOOKMARK [1][-]{section.4.2}{\376\377\000E\000i\000g\000e\000n\000v\000a\000l\000u\000e\000s\000\040\000a\000n\000d\000\040\000E\000i\000g\000e\000n\000s\000t\000a\000t\000e\000s\000\040\000o\000f\000\040\000A\000n\000g\000u\000l\000a\000r\000\040\000M\000o\000m\000e\000n\000t\000u\000m}{chapter.4}% 33
\BOOKMARK [2][-]{subsection.4.2.1}{\376\377\000M\000a\000t\000r\000i\000x\000\040\000E\000l\000e\000m\000e\000n\000t\000s\000\040\000o\000f\000\040\000t\000h\000e\000\040\000L\000a\000d\000d\000e\000r\000\040\000O\000p\000e\000r\000a\000t\000o\000r\000s\000\040\000o\000f\000\040\000A\000n\000g\000u\000l\000a\000r\000\040\000M\000o\000m\000e\000n\000t\000u\000m}{section.4.2}% 34
\BOOKMARK [1][-]{section.4.3}{\376\377\000O\000r\000b\000i\000t\000a\000l\000\040\000A\000n\000g\000u\000l\000a\000r\000\040\000M\000o\000m\000e\000n\000t\000u\000m}{chapter.4}% 35
\BOOKMARK [1][-]{section.4.4}{\376\377\000S\000p\000i\000n}{chapter.4}% 36
\BOOKMARK [1][-]{section.4.5}{\376\377\000A\000d\000d\000i\000t\000i\000o\000n\000\040\000o\000f\000\040\000A\000n\000g\000u\000l\000a\000r\000\040\000M\000o\000m\000e\000n\000t\000a}{chapter.4}% 37
\BOOKMARK [0][-]{chapter.5}{\376\377\000Q\000u\000a\000n\000t\000u\000m\000\040\000D\000y\000n\000a\000m\000i\000c\000s\000\040\000i\000n\000\040\0003\000D}{part.1}% 38
\BOOKMARK [1][-]{section.5.1}{\376\377\000F\000r\000e\000e\000\040\000P\000a\000r\000t\000i\000c\000l\000e\000s\000\040\000a\000n\000d\000\040\000I\000n\000f\000i\000n\000i\000t\000e\000\040\000W\000e\000l\000l\000s\000\040\000R\000e\000v\000i\000s\000i\000t\000e\000d}{chapter.5}% 39
\BOOKMARK [1][-]{section.5.2}{\376\377\000I\000s\000o\000t\000r\000o\000p\000i\000c\000\040\000H\000a\000r\000m\000o\000n\000i\000c\000\040\000O\000s\000c\000i\000l\000l\000a\000t\000o\000r}{chapter.5}% 40
\BOOKMARK [1][-]{section.5.3}{\376\377\000P\000a\000r\000t\000i\000c\000l\000e\000\040\000i\000n\000\040\000a\000\040\000C\000o\000u\000l\000o\000m\000b\000\040\000P\000o\000t\000e\000n\000t\000i\000a\000l\000,\000\040\000H\000y\000d\000r\000o\000g\000e\000n\000\040\000A\000t\000o\000m}{chapter.5}% 41
\BOOKMARK [0][-]{chapter.6}{\376\377\000A\000p\000p\000r\000o\000x\000i\000m\000a\000t\000i\000o\000n\000\040\000M\000e\000t\000h\000o\000d\000s}{part.1}% 42
\BOOKMARK [1][-]{section.6.1}{\376\377\000P\000e\000r\000t\000u\000r\000b\000a\000t\000i\000o\000n\000\040\000T\000h\000e\000o\000r\000y}{chapter.6}% 43
\BOOKMARK [2][-]{subsection.6.1.1}{\376\377\000R\000a\000y\000l\000e\000i\000g\000h\000-\000S\000c\000h\000r\000\366\000d\000i\000n\000g\000e\000r\000\040\000P\000e\000r\000t\000u\000r\000b\000a\000t\000i\000o\000n\000\040\000T\000h\000e\000o\000r\000y\000,\000\040\000N\000o\000n\000d\000e\000g\000e\000n\000e\000r\000a\000t\000e\000\040\000C\000a\000s\000e}{section.6.1}% 44
\BOOKMARK [2][-]{subsection.6.1.2}{\376\377\000R\000a\000y\000l\000e\000i\000g\000h\000-\000S\000c\000h\000r\000\366\000d\000i\000n\000g\000e\000r\000\040\000P\000e\000r\000t\000u\000r\000b\000a\000t\000i\000o\000n\000\040\000T\000h\000e\000o\000r\000y\000,\000\040\000D\000e\000g\000e\000n\000e\000r\000a\000t\000e\000\040\000C\000a\000s\000e}{section.6.1}% 45
\BOOKMARK [1][-]{section.6.2}{\376\377\000V\000a\000r\000i\000a\000t\000i\000o\000n\000a\000l\000\040\000M\000e\000t\000h\000o\000d\000s}{chapter.6}% 46
\BOOKMARK [1][-]{section.6.3}{\376\377\000T\000i\000m\000e\000\040\000D\000e\000p\000e\000n\000d\000e\000n\000t\000\040\000P\000e\000r\000t\000u\000r\000b\000a\000t\000i\000o\000n\000\040\000T\000h\000e\000o\000r\000y}{chapter.6}% 47
\BOOKMARK [2][-]{subsection.6.3.1}{\376\377\000D\000i\000r\000a\000c\000\040\000I\000n\000t\000e\000r\000a\000c\000t\000i\000o\000n\000\040\000P\000i\000c\000t\000u\000r\000e}{section.6.3}% 48
\BOOKMARK [2][-]{subsection.6.3.2}{\376\377\000D\000y\000s\000o\000n\000\040\000S\000e\000r\000i\000e\000s}{section.6.3}% 49
\BOOKMARK [0][-]{chapter.7}{\376\377\000I\000d\000e\000n\000t\000i\000c\000a\000l\000\040\000P\000a\000r\000t\000i\000c\000l\000e\000s}{part.1}% 50
\BOOKMARK [1][-]{section.7.1}{\376\377\000S\000y\000m\000m\000e\000t\000r\000i\000z\000a\000t\000i\000o\000n\000\040\000P\000o\000s\000t\000u\000l\000a\000t\000e}{chapter.7}% 51
\BOOKMARK [2][-]{subsection.7.1.1}{\376\377\000T\000w\000o\000\040\000E\000l\000e\000c\000t\000r\000o\000n\000\040\000S\000y\000s\000t\000e\000m}{section.7.1}% 52
\BOOKMARK [1][-]{section.7.2}{\376\377\000M\000u\000l\000t\000i\000p\000a\000r\000t\000i\000c\000l\000e\000\040\000S\000t\000a\000t\000e\000s}{chapter.7}% 53
\BOOKMARK [-1][-]{part.2}{\376\377\000I\000I\000\040\000S\000t\000a\000t\000i\000s\000t\000i\000c\000a\000l\000\040\000M\000e\000c\000h\000a\000n\000i\000c\000s}{}% 54
\BOOKMARK [0][-]{chapter.8}{\376\377\000B\000r\000i\000e\000f\000\040\000I\000n\000t\000r\000o\000d\000u\000c\000t\000i\000o\000n}{part.2}% 55
\BOOKMARK [1][-]{section.8.1}{\376\377\000P\000r\000o\000b\000a\000b\000i\000l\000i\000t\000y\000\040\000T\000h\000e\000o\000r\000y}{chapter.8}% 56
\BOOKMARK [1][-]{section.8.2}{\376\377\000Q\000u\000a\000n\000t\000u\000m\000\040\000S\000t\000a\000t\000i\000s\000t\000i\000c\000s}{chapter.8}% 57
\BOOKMARK [0][-]{chapter.9}{\376\377\000M\000i\000c\000r\000o\000c\000a\000n\000o\000n\000i\000c\000a\000l\000\040\000E\000n\000s\000e\000m\000b\000l\000e}{part.2}% 58
\BOOKMARK [1][-]{section.9.1}{\376\377\000T\000h\000e\000\040\000C\000l\000a\000s\000s\000i\000c\000a\000l\000\040\000D\000e\000f\000i\000n\000i\000t\000i\000o\000n}{chapter.9}% 59
\BOOKMARK [1][-]{section.9.2}{\376\377\000T\000h\000e\000\040\000Q\000u\000a\000n\000t\000u\000m\000\040\000D\000e\000f\000i\000n\000i\000t\000i\000o\000n}{chapter.9}% 60
\BOOKMARK [1][-]{section.9.3}{\376\377\000E\000n\000t\000r\000o\000p\000y\000,\000\040\000T\000e\000m\000p\000e\000r\000a\000t\000u\000r\000e\000\040\000a\000n\000d\000\040\000P\000r\000e\000s\000s\000u\000r\000e}{chapter.9}% 61
\BOOKMARK [2][-]{subsection.9.3.1}{\376\377\000E\000n\000t\000r\000o\000p\000y\000\040\000o\000f\000\040\000a\000\040\000M\000i\000c\000r\000o\000c\000a\000n\000o\000n\000i\000c\000a\000l\000\040\000E\000n\000s\000e\000m\000b\000l\000e}{section.9.3}% 62
\BOOKMARK [2][-]{subsection.9.3.2}{\376\377\000T\000e\000m\000p\000e\000r\000a\000t\000u\000r\000e\000\040\000a\000n\000d\000\040\000P\000r\000e\000s\000s\000u\000r\000e}{section.9.3}% 63
\BOOKMARK [1][-]{section.9.4}{\376\377\000E\000x\000a\000m\000p\000l\000e\000s}{chapter.9}% 64
\BOOKMARK [2][-]{subsection.9.4.1}{\376\377\000T\000h\000e\000\040\000C\000l\000a\000s\000s\000i\000c\000a\000l\000\040\000I\000d\000e\000a\000l\000\040\000G\000a\000s}{section.9.4}% 65
\BOOKMARK [2][-]{subsection.9.4.2}{\376\377\000I\000d\000e\000a\000l\000\040\000Q\000u\000a\000n\000t\000u\000m\000\040\000G\000a\000s\000\040\000o\000f\000\040\000H\000a\000r\000m\000o\000n\000i\000c\000\040\000O\000s\000c\000i\000l\000l\000a\000t\000o\000r\000s}{section.9.4}% 66
\BOOKMARK [2][-]{subsection.9.4.3}{\376\377\000P\000a\000r\000a\000m\000a\000g\000n\000e\000t\000i\000c\000\040\000S\000p\000i\000n\000\040\0001\0002\000\040\000S\000y\000s\000t\000e\000m}{section.9.4}% 67
\BOOKMARK [0][-]{chapter.10}{\376\377\000C\000a\000n\000o\000n\000i\000c\000a\000l\000\040\000E\000n\000s\000e\000m\000b\000l\000e}{part.2}% 68
\BOOKMARK [1][-]{section.10.1}{\376\377\000E\000n\000t\000r\000o\000p\000y\000\040\000o\000f\000\040\000t\000h\000e\000\040\000C\000a\000n\000o\000n\000i\000c\000a\000l\000\040\000E\000n\000s\000e\000m\000b\000l\000e}{chapter.10}% 69
\BOOKMARK [1][-]{section.10.2}{\376\377\000T\000h\000e\000\040\000V\000i\000r\000i\000a\000l\000\040\000T\000h\000e\000o\000r\000e\000m\000\040\000a\000n\000d\000\040\000t\000h\000e\000\040\000E\000q\000u\000i\000p\000a\000r\000t\000i\000t\000i\000o\000n\000\040\000T\000h\000e\000o\000r\000e\000m}{chapter.10}% 70
\BOOKMARK [1][-]{section.10.3}{\376\377\000T\000h\000e\000r\000m\000o\000d\000y\000n\000a\000m\000i\000c\000\040\000Q\000u\000a\000n\000t\000i\000t\000i\000e\000s\000\040\000i\000n\000\040\000t\000h\000e\000\040\000C\000a\000n\000o\000n\000i\000c\000a\000l\000\040\000E\000n\000s\000e\000m\000b\000l\000e}{chapter.10}% 71
\BOOKMARK [2][-]{subsection.10.3.1}{\376\377\000E\000q\000u\000i\000v\000a\000l\000e\000n\000c\000e\000\040\000o\000f\000\040\000t\000h\000e\000\040\000C\000a\000n\000o\000n\000i\000c\000a\000l\000\040\000a\000n\000d\000\040\000M\000i\000c\000r\000o\000c\000a\000n\000o\000n\000i\000c\000a\000l\000\040\000M\000a\000c\000r\000o\000s\000c\000o\000p\000i\000c\000\040\000E\000n\000s\000e\000m\000b\000l\000e\000s}{section.10.3}% 72
\BOOKMARK [2][-]{subsection.10.3.2}{\376\377\000T\000h\000e\000r\000m\000o\000d\000y\000n\000a\000m\000i\000c\000\040\000Q\000u\000a\000n\000t\000i\000t\000i\000e\000s}{section.10.3}% 73
\BOOKMARK [2][-]{subsection.10.3.3}{\376\377\000H\000e\000a\000t}{section.10.3}% 74
\BOOKMARK [0][-]{chapter.11}{\376\377\000G\000r\000a\000n\000d\000\040\000C\000a\000n\000o\000n\000i\000c\000a\000l\000\040\000E\000n\000s\000e\000m\000b\000l\000e}{part.2}% 75
\BOOKMARK [1][-]{section.11.1}{\376\377\000T\000h\000e\000r\000m\000o\000d\000y\000n\000a\000m\000i\000c\000\040\000Q\000u\000a\000n\000t\000i\000t\000i\000e\000s}{chapter.11}% 76
\BOOKMARK [1][-]{section.11.2}{\376\377\000E\000x\000a\000m\000p\000l\000e\000s}{chapter.11}% 77
\BOOKMARK [0][-]{chapter.12}{\376\377\000I\000d\000e\000a\000l\000\040\000Q\000u\000a\000n\000t\000u\000m\000\040\000G\000a\000s\000e\000s}{part.2}% 78
\BOOKMARK [1][-]{section.12.1}{\376\377\000D\000e\000g\000e\000n\000e\000r\000a\000t\000e\000\040\000F\000e\000r\000m\000i\000\040\000G\000a\000s}{chapter.12}% 79
\BOOKMARK [2][-]{subsection.12.1.1}{\376\377\000C\000o\000m\000p\000l\000e\000t\000e\000\040\000D\000e\000g\000e\000n\000e\000r\000a\000c\000y\000\040\000L\000i\000m\000i\000t}{section.12.1}% 80
\BOOKMARK [1][-]{section.12.2}{\376\377\000B\000o\000s\000e\000-\000E\000i\000n\000s\000t\000e\000i\000n\000\040\000C\000o\000n\000d\000e\000n\000s\000a\000t\000i\000o\000n}{chapter.12}% 81
\BOOKMARK [-1][-]{part.3}{\376\377\000I\000I\000I\000\040\000A\000t\000o\000m\000i\000c\000\040\000P\000h\000y\000s\000i\000c\000s}{}% 82
\BOOKMARK [0][-]{chapter.13}{\376\377\000O\000n\000e\000\040\000E\000l\000e\000c\000t\000r\000o\000n\000\040\000A\000t\000o\000m\000s}{part.3}% 83
\BOOKMARK [1][-]{section.13.1}{\376\377\000I\000n\000t\000e\000r\000a\000c\000t\000i\000o\000n\000\040\000o\000f\000\040\000P\000a\000r\000t\000i\000c\000l\000e\000s\000\040\000w\000i\000t\000h\000\040\000E\000M\000\040\000F\000i\000e\000l\000d\000s}{chapter.13}% 84
\BOOKMARK [1][-]{section.13.2}{\376\377\000D\000i\000p\000o\000l\000e\000\040\000A\000p\000p\000r\000o\000x\000i\000m\000a\000t\000i\000o\000n}{chapter.13}% 85
\BOOKMARK [2][-]{subsection.13.2.1}{\376\377\000D\000i\000p\000o\000l\000e\000\040\000S\000e\000l\000e\000c\000t\000i\000o\000n\000\040\000R\000u\000l\000e\000s\000\040\000f\000o\000r\000\040\000A\000t\000o\000m\000i\000c\000\040\000T\000r\000a\000n\000s\000i\000t\000i\000o\000n\000s}{section.13.2}% 86
\BOOKMARK [2][-]{subsection.13.2.2}{\376\377\000S\000p\000o\000n\000t\000a\000n\000e\000o\000u\000s\000\040\000E\000m\000i\000s\000s\000i\000o\000n}{section.13.2}% 87
\BOOKMARK [2][-]{subsection.13.2.3}{\376\377\000T\000h\000e\000r\000m\000o\000d\000y\000n\000a\000m\000i\000c\000\040\000E\000q\000u\000i\000l\000i\000b\000r\000i\000u\000m}{section.13.2}% 88
\BOOKMARK [1][-]{section.13.3}{\376\377\000R\000e\000l\000a\000t\000i\000v\000i\000s\000t\000i\000c\000\040\000C\000o\000r\000r\000e\000c\000t\000i\000o\000n\000s\000\040\000a\000n\000d\000\040\000F\000i\000n\000e\000\040\000S\000t\000r\000u\000c\000t\000u\000r\000e}{chapter.13}% 89
\BOOKMARK [2][-]{subsection.13.3.1}{\376\377\000R\000e\000l\000a\000t\000i\000v\000i\000s\000t\000i\000c\000\040\000C\000o\000r\000r\000e\000c\000t\000i\000o\000n\000\040\000f\000o\000r\000\040\000t\000h\000e\000\040\000K\000i\000n\000e\000t\000i\000c\000\040\000E\000n\000e\000r\000g\000y}{section.13.3}% 90
\BOOKMARK [2][-]{subsection.13.3.2}{\376\377\000D\000a\000r\000w\000i\000n\000\040\000T\000e\000r\000m}{section.13.3}% 91
\BOOKMARK [2][-]{subsection.13.3.3}{\376\377\000S\000p\000i\000n\000\040\000O\000r\000b\000i\000t\000\040\000C\000o\000u\000p\000l\000i\000n\000g}{section.13.3}% 92
\BOOKMARK [2][-]{subsection.13.3.4}{\376\377\000F\000i\000n\000e\000\040\000S\000t\000r\000u\000c\000t\000u\000r\000e\000\040\000S\000p\000l\000i\000t\000t\000i\000n\000g}{section.13.3}% 93
\BOOKMARK [2][-]{subsection.13.3.5}{\376\377\000F\000i\000n\000e\000\040\000S\000t\000r\000u\000c\000t\000u\000r\000e\000\040\000D\000i\000p\000o\000l\000e\000\040\000T\000r\000a\000n\000s\000i\000t\000i\000o\000n\000s}{section.13.3}% 94
\BOOKMARK [1][-]{section.13.4}{\376\377\000Z\000e\000e\000m\000a\000n\000\040\000E\000f\000f\000e\000c\000t}{chapter.13}% 95
\BOOKMARK [2][-]{subsection.13.4.1}{\376\377\000S\000t\000r\000o\000n\000g\000\040\000F\000i\000e\000l\000d\000s}{section.13.4}% 96
\BOOKMARK [2][-]{subsection.13.4.2}{\376\377\000P\000a\000s\000c\000h\000e\000n\000-\000B\000a\000c\000k\000\040\000E\000f\000f\000e\000c\000t}{section.13.4}% 97
\BOOKMARK [2][-]{subsection.13.4.3}{\376\377\000A\000n\000o\000m\000a\000l\000o\000u\000s\000\040\000Z\000e\000e\000m\000a\000n\000\040\000E\000f\000f\000e\000c\000t}{section.13.4}% 98
\BOOKMARK [1][-]{section.13.5}{\376\377\000S\000t\000a\000r\000k\000\040\000E\000f\000f\000e\000c\000t}{chapter.13}% 99
\BOOKMARK [2][-]{subsection.13.5.1}{\376\377\000L\000i\000n\000e\000a\000r\000\040\000S\000t\000a\000r\000k\000\040\000E\000f\000f\000e\000c\000t}{section.13.5}% 100
\BOOKMARK [1][-]{section.13.6}{\376\377\000H\000y\000p\000e\000r\000f\000i\000n\000e\000\040\000S\000t\000r\000u\000c\000t\000u\000r\000e\000\040\000a\000n\000d\000\040\000I\000s\000o\000t\000o\000p\000e\000\040\000S\000h\000i\000f\000t\000s}{chapter.13}% 101
\BOOKMARK [2][-]{subsection.13.6.1}{\376\377\000M\000a\000g\000n\000e\000t\000i\000c\000\040\000D\000i\000p\000o\000l\000e\000\040\000H\000y\000p\000e\000r\000f\000i\000n\000e\000\040\000S\000t\000r\000u\000c\000t\000u\000r\000e}{section.13.6}% 102
\BOOKMARK [0][-]{chapter.14}{\376\377\000T\000w\000o\000\040\000E\000l\000e\000c\000t\000r\000o\000n\000\040\000A\000t\000o\000m\000s}{part.3}% 103
\BOOKMARK [1][-]{section.14.1}{\376\377\000I\000n\000d\000e\000p\000e\000n\000d\000e\000n\000t\000\040\000P\000a\000r\000t\000i\000c\000l\000e\000\040\000M\000o\000d\000e\000l}{chapter.14}% 104
\BOOKMARK [2][-]{subsection.14.1.1}{\376\377\000C\000e\000n\000t\000r\000a\000l\000\040\000F\000i\000e\000l\000d\000\040\000A\000p\000p\000r\000o\000x\000i\000m\000a\000t\000i\000o\000n}{section.14.1}% 105
\BOOKMARK [1][-]{section.14.2}{\376\377\000G\000r\000o\000u\000n\000d\000\040\000S\000t\000a\000t\000e\000\040\000o\000f\000\040\000T\000w\000o\000\040\000E\000l\000e\000c\000t\000r\000o\000n\000\040\000A\000t\000o\000m\000s}{chapter.14}% 106
\BOOKMARK [2][-]{subsection.14.2.1}{\376\377\000P\000e\000r\000t\000u\000r\000b\000a\000t\000i\000o\000n\000\040\000T\000h\000e\000o\000r\000y}{section.14.2}% 107
\BOOKMARK [2][-]{subsection.14.2.2}{\376\377\000V\000a\000r\000i\000a\000t\000i\000o\000n\000a\000l\000\040\000M\000e\000t\000h\000o\000d\000s}{section.14.2}% 108
\BOOKMARK [1][-]{section.14.3}{\376\377\000E\000x\000c\000i\000t\000e\000d\000\040\000S\000t\000a\000t\000e\000s\000\040\000o\000f\000\040\000T\000w\000o\000\040\000E\000l\000e\000c\000t\000r\000o\000n\000\040\000A\000t\000o\000m\000s}{chapter.14}% 109
\BOOKMARK [2][-]{subsection.14.3.1}{\376\377\000P\000e\000r\000t\000u\000r\000b\000a\000t\000i\000o\000n\000\040\000T\000h\000e\000o\000r\000y}{section.14.3}% 110
\BOOKMARK [2][-]{subsection.14.3.2}{\376\377\000V\000a\000r\000i\000a\000t\000i\000o\000n\000a\000l\000\040\000M\000e\000t\000h\000o\000d\000s}{section.14.3}% 111
\BOOKMARK [0][-]{chapter.15}{\376\377\000M\000a\000n\000y\000\040\000E\000l\000e\000c\000t\000r\000o\000n\000\040\000A\000t\000o\000m\000s}{part.3}% 112
\BOOKMARK [1][-]{section.15.1}{\376\377\000C\000e\000n\000t\000r\000a\000l\000\040\000F\000i\000e\000l\000d\000\040\000A\000p\000p\000r\000o\000x\000i\000m\000a\000t\000i\000o\000n}{chapter.15}% 113
\BOOKMARK [2][-]{subsection.15.1.1}{\376\377\000S\000h\000e\000l\000l\000s\000\040\000a\000n\000d\000\040\000S\000u\000b\000s\000h\000e\000l\000l\000s}{section.15.1}% 114
\BOOKMARK [2][-]{subsection.15.1.2}{\376\377\000A\000u\000f\000b\000a\000u\000\040\000R\000u\000l\000e\000\040\000a\000n\000d\000\040\000t\000h\000e\000\040\000P\000e\000r\000i\000o\000d\000i\000c\000\040\000T\000a\000b\000l\000e}{section.15.1}% 115
\BOOKMARK [1][-]{section.15.2}{\376\377\000H\000a\000r\000t\000r\000e\000e\000-\000F\000o\000c\000k\000\040\000M\000e\000t\000o\000d\000\040\000a\000n\000d\000\040\000S\000e\000l\000f\000-\000C\000o\000n\000s\000i\000s\000t\000e\000n\000t\000\040\000F\000i\000e\000l\000d\000s}{chapter.15}% 116
\BOOKMARK [2][-]{subsection.15.2.1}{\376\377\000B\000e\000r\000y\000l\000l\000i\000u\000m\000\040\000G\000r\000o\000u\000n\000d\000\040\000S\000t\000a\000t\000e}{section.15.2}% 117
\BOOKMARK [1][-]{section.15.3}{\376\377\000S\000p\000i\000n\000-\000O\000r\000b\000i\000t\000\040\000I\000n\000t\000e\000r\000a\000c\000t\000i\000o\000n\000s\000\040\000a\000n\000d\000\040\000F\000i\000n\000e\000\040\000S\000t\000r\000u\000c\000t\000u\000r\000e\000\040\000o\000f\000\040\000M\000a\000n\000y\000-\000E\000l\000e\000c\000t\000r\000o\000n\000\040\000A\000t\000o\000m\000s}{chapter.15}% 118
\BOOKMARK [2][-]{subsection.15.3.1}{\376\377\000D\000e\000t\000e\000r\000m\000i\000n\000a\000t\000i\000o\000n\000\040\000o\000f\000\040\000P\000o\000s\000s\000i\000b\000l\000e\000\040\000T\000e\000r\000m\000s\000\040\000i\000n\000\040\000S\000p\000i\000n\000-\000O\000r\000b\000i\000t\000\040\000C\000o\000u\000p\000l\000i\000n\000g}{section.15.3}% 119
\BOOKMARK [2][-]{subsection.15.3.2}{\376\377\000F\000i\000n\000e\000\040\000S\000t\000r\000u\000c\000t\000u\000r\000e\000\040\000T\000e\000r\000m\000s\000\040\000a\000n\000d\000\040\000L\000a\000n\000d\000\351\000'\000s\000\040\000I\000n\000t\000e\000r\000v\000a\000l\000\040\000R\000u\000l\000e}{section.15.3}% 120
\BOOKMARK [0][-]{chapter.16}{\376\377\000E\000l\000e\000c\000t\000r\000o\000m\000a\000g\000n\000e\000t\000i\000c\000\040\000I\000n\000t\000e\000r\000a\000c\000t\000i\000o\000n\000s}{part.3}% 121
\BOOKMARK [1][-]{section.16.1}{\376\377\000S\000e\000l\000e\000c\000t\000i\000o\000n\000\040\000R\000u\000l\000e\000s}{chapter.16}% 122
\BOOKMARK [2][-]{subsection.16.1.1}{\376\377\000S\000p\000i\000n\000-\000O\000r\000b\000i\000t\000\040\000C\000o\000u\000p\000l\000i\000n\000g}{section.16.1}% 123
\BOOKMARK [1][-]{section.16.2}{\376\377\000A\000l\000k\000a\000l\000i\000\040\000A\000t\000o\000m\000s}{chapter.16}% 124
\BOOKMARK [1][-]{section.16.3}{\376\377\000A\000l\000k\000a\000l\000i\000n\000e\000\040\000E\000a\000r\000t\000h\000s}{chapter.16}% 125
\BOOKMARK [1][-]{section.16.4}{\376\377\000M\000u\000l\000t\000i\000p\000l\000e\000t\000\040\000S\000t\000r\000u\000c\000t\000u\000r\000e}{chapter.16}% 126
\BOOKMARK [1][-]{section.16.5}{\376\377\000M\000a\000g\000n\000e\000t\000i\000c\000\040\000F\000i\000e\000l\000d\000\040\000I\000n\000t\000e\000r\000a\000c\000t\000i\000o\000n\000,\000\040\000Z\000e\000e\000m\000a\000n\000\040\000E\000f\000f\000e\000c\000t}{chapter.16}% 127
\BOOKMARK [2][-]{subsection.16.5.1}{\376\377\000P\000a\000s\000c\000h\000e\000n\000-\000B\000a\000c\000k\000\040\000E\000f\000f\000e\000c\000t\000,\000\040\000S\000t\000r\000o\000n\000g\000\040\000F\000i\000e\000l\000d}{section.16.5}% 128
\BOOKMARK [2][-]{subsection.16.5.2}{\376\377\000A\000n\000o\000m\000a\000l\000o\000u\000s\000\040\000Z\000e\000e\000m\000a\000n\000\040\000E\000f\000f\000e\000c\000t\000,\000\040\000W\000e\000a\000k\000\040\000F\000i\000e\000l\000d}{section.16.5}% 129
\BOOKMARK [-1][-]{part.4}{\376\377\000I\000V\000\040\000Q\000u\000a\000n\000t\000u\000m\000\040\000C\000h\000e\000m\000i\000s\000t\000r\000y}{}% 130
\BOOKMARK [0][-]{chapter.17}{\376\377\000M\000o\000l\000e\000c\000u\000l\000a\000r\000\040\000S\000t\000r\000u\000c\000t\000u\000r\000e}{part.4}% 131
\BOOKMARK [1][-]{section.17.1}{\376\377\000I\000n\000t\000r\000o\000d\000u\000c\000t\000o\000r\000y\000\040\000R\000e\000m\000a\000r\000k\000s}{chapter.17}% 132
\BOOKMARK [1][-]{section.17.2}{\376\377\000B\000o\000r\000n\000-\000O\000p\000p\000e\000n\000h\000e\000i\000m\000e\000r\000\040\000A\000p\000p\000r\000o\000x\000i\000m\000a\000t\000i\000o\000n}{chapter.17}% 133
\BOOKMARK [1][-]{section.17.3}{\376\377\000R\000o\000v\000i\000b\000r\000o\000n\000i\000c\000\040\000S\000t\000a\000t\000e\000s}{chapter.17}% 134
\BOOKMARK [2][-]{subsection.17.3.1}{\376\377\000C\000e\000n\000t\000r\000i\000f\000u\000g\000a\000l\000\040\000D\000i\000s\000t\000o\000r\000t\000i\000o\000n}{section.17.3}% 135
\BOOKMARK [0][-]{chapter.18}{\376\377\000M\000o\000l\000e\000c\000u\000l\000a\000r\000\040\000S\000p\000e\000c\000t\000r\000a}{part.4}% 136
\BOOKMARK [1][-]{section.18.1}{\376\377\000D\000i\000a\000t\000o\000m\000i\000c\000\040\000M\000o\000l\000e\000c\000u\000l\000e\000s}{chapter.18}% 137
\BOOKMARK [1][-]{section.18.2}{\376\377\000R\000o\000v\000i\000b\000r\000a\000t\000i\000o\000n\000a\000l\000\040\000S\000p\000e\000c\000t\000r\000a\000\040\000o\000f\000\040\000D\000i\000a\000t\000o\000m\000i\000c\000\040\000M\000o\000l\000e\000c\000u\000l\000e\000s}{chapter.18}% 138
\BOOKMARK [2][-]{subsection.18.2.1}{\376\377\000R\000a\000m\000a\000n\000\040\000S\000c\000a\000t\000t\000e\000r\000i\000n\000g}{section.18.2}% 139
\BOOKMARK [1][-]{section.18.3}{\376\377\000E\000l\000e\000c\000t\000r\000o\000n\000i\000c\000\040\000S\000p\000e\000c\000t\000r\000a}{chapter.18}% 140
\BOOKMARK [2][-]{subsection.18.3.1}{\376\377\000T\000h\000e\000\040\000F\000r\000a\000n\000c\000k\000-\000C\000o\000n\000d\000o\000n\000\040\000P\000r\000i\000n\000c\000i\000p\000l\000e}{section.18.3}% 141
\BOOKMARK [1][-]{section.18.4}{\376\377\000I\000n\000v\000e\000r\000s\000i\000o\000n\000\040\000S\000p\000e\000c\000t\000r\000u\000m\000\040\000o\000f\000\040\000A\000m\000m\000o\000n\000i\000a\000\040\000\050\000N\000H\0003\000\051}{chapter.18}% 142
\BOOKMARK [0][-]{chapter.19}{\376\377\000M\000o\000l\000e\000c\000u\000l\000a\000r\000\040\000E\000l\000e\000c\000t\000r\000o\000n\000i\000c\000\040\000S\000t\000r\000u\000c\000t\000u\000r\000e}{part.4}% 143
\BOOKMARK [1][-]{section.19.1}{\376\377\000A\000p\000p\000r\000o\000x\000i\000m\000a\000t\000i\000o\000n\000\040\000M\000e\000t\000h\000o\000d\000s\000\040\000a\000n\000d\000\040\000t\000h\000e\000\040\000H\0002\000\040\000M\000o\000l\000e\000c\000u\000l\000e}{chapter.19}% 144
\BOOKMARK [2][-]{subsection.19.1.1}{\376\377\000L\000i\000n\000e\000a\000r\000\040\000C\000o\000m\000b\000i\000n\000a\000t\000i\000o\000n\000\040\000O\000f\000\040\000A\000t\000o\000m\000i\000c\000\040\000O\000r\000b\000i\000t\000a\000l\000s\000\040\000\050\000L\000C\000A\000O\000-\000M\000O\000\051}{section.19.1}% 145
\BOOKMARK [2][-]{subsection.19.1.2}{\376\377\000H\000e\000i\000t\000e\000r\000-\000L\000o\000n\000d\000o\000n\000\040\000V\000a\000l\000e\000n\000c\000e\000\040\000B\000o\000n\000d\000\040\000M\000e\000t\000h\000o\000d\000\040\000\050\000V\000B\000-\000M\000O\000\051}{section.19.1}% 146
\BOOKMARK [1][-]{section.19.2}{\376\377\000H\000o\000m\000o\000n\000u\000c\000l\000e\000a\000r\000\040\000D\000i\000a\000t\000o\000m\000i\000c\000\040\000M\000o\000l\000e\000c\000u\000l\000e\000s}{chapter.19}% 147
\BOOKMARK [2][-]{subsection.19.2.1}{\376\377\000V\000a\000l\000e\000n\000c\000y\000\040\000a\000n\000d\000\040\000C\000h\000e\000m\000i\000c\000a\000l\000\040\000B\000o\000n\000d\000i\000n\000g}{section.19.2}% 148
\BOOKMARK [1][-]{section.19.3}{\376\377\000H\000e\000t\000e\000r\000o\000n\000u\000c\000l\000e\000a\000r\000\040\000D\000i\000a\000t\000o\000m\000i\000c\000\040\000M\000o\000l\000e\000c\000u\000l\000e\000s}{chapter.19}% 149
\BOOKMARK [2][-]{subsection.19.3.1}{\376\377\000L\000i\000t\000h\000i\000u\000m\000\040\000H\000y\000d\000r\000i\000d\000e\000\040\000L\000i\000H}{section.19.3}% 150
\BOOKMARK [2][-]{subsection.19.3.2}{\376\377\000H\000y\000d\000r\000o\000g\000e\000n\000\040\000C\000h\000l\000o\000r\000i\000d\000e\000\040\000H\000C\000l}{section.19.3}% 151
\BOOKMARK [2][-]{subsection.19.3.3}{\376\377\000S\000o\000d\000i\000u\000m\000\040\000C\000h\000l\000o\000r\000i\000d\000e\000\040\000N\000a\000C\000l}{section.19.3}% 152
\BOOKMARK [1][-]{section.19.4}{\376\377\000T\000r\000i\000a\000t\000o\000m\000i\000c\000\040\000M\000o\000l\000e\000c\000u\000l\000e\000s}{chapter.19}% 153
\BOOKMARK [2][-]{subsection.19.4.1}{\376\377\000H\000y\000b\000r\000i\000d\000i\000z\000a\000t\000i\000o\000n}{section.19.4}% 154
\BOOKMARK [2][-]{subsection.19.4.2}{\376\377\000B\000e\000r\000y\000l\000l\000i\000u\000m\000\040\000D\000i\000h\000y\000d\000r\000i\000d\000e\000\040\000\050\000B\000e\000H\0002\000\051}{section.19.4}% 155
\BOOKMARK [2][-]{subsection.19.4.3}{\376\377\000W\000a\000t\000e\000r\000\040\000\050\000H\0002\000O\000\051}{section.19.4}% 156
\BOOKMARK [2][-]{subsection.19.4.4}{\376\377\000C\000a\000r\000b\000o\000n\000\040\000D\000i\000o\000x\000i\000d\000e\000\040\000\050\000C\000O\0002\000\051\000\040\000a\000n\000d\000\040\000L\000o\000n\000e\000\040\000P\000a\000i\000r\000s}{section.19.4}% 157
\BOOKMARK [1][-]{section.19.5}{\376\377\000R\000a\000y\000l\000e\000i\000g\000h\000-\000R\000i\000t\000z\000\040\000V\000a\000r\000i\000a\000t\000i\000o\000n\000a\000l\000\040\000M\000e\000t\000h\000o\000d}{chapter.19}% 158
\BOOKMARK [2][-]{subsection.19.5.1}{\376\377\000H\000\374\000c\000k\000e\000l\000\040\000T\000h\000e\000o\000r\000y}{section.19.5}% 159
\BOOKMARK [1][-]{section.19.6}{\376\377\000\040\000E\000l\000e\000c\000t\000r\000o\000n\000\040\000S\000y\000s\000t\000e\000m\000s\000\040\000a\000n\000d\000\040\000U\000n\000l\000o\000c\000a\000l\000i\000z\000e\000d\000\040\000O\000r\000b\000i\000t\000a\000l\000s}{chapter.19}% 160
\BOOKMARK [2][-]{subsection.19.6.1}{\376\377\000B\000u\000t\000a\000d\000i\000e\000n\000e\000\040\000\050\000C\0004\000H\0006\000\051}{section.19.6}% 161
\BOOKMARK [2][-]{subsection.19.6.2}{\376\377\000M\000e\000t\000h\000a\000n\000e\000\040\000a\000n\000d\000\040\000E\000t\000h\000y\000l\000e\000n\000e\000\050\000C\000H\0004\000,\000\040\000C\0002\000H\0004\000\051}{section.19.6}% 162
\BOOKMARK [1][-]{section.19.7}{\376\377\000C\000y\000c\000l\000i\000c\000\040\000M\000o\000l\000e\000c\000u\000l\000e\000s}{chapter.19}% 163
\BOOKMARK [2][-]{subsection.19.7.1}{\376\377\000I\000d\000e\000a\000l\000\040\000H\000o\000m\000o\000n\000u\000c\000l\000e\000a\000r\000\040\000T\000r\000i\000m\000e\000r}{section.19.7}% 164
\BOOKMARK [2][-]{subsection.19.7.2}{\376\377\000I\000d\000e\000a\000l\000\040\000P\000o\000l\000y\000a\000t\000o\000m\000i\000c\000\040\000R\000i\000n\000g\000\040\000a\000n\000d\000\040\000t\000h\000e\000\040\000T\000i\000g\000h\000t\000\040\000B\000i\000n\000d\000i\000n\000g\000\040\000A\000p\000p\000r\000o\000x\000i\000m\000a\000t\000i\000o\000n}{section.19.7}% 165
\BOOKMARK [2][-]{subsection.19.7.3}{\376\377\000B\000e\000n\000z\000e\000n\000e\000\040\000\050\000C\0006\000H\0006\000\051}{section.19.7}% 166
\BOOKMARK [0][-]{chapter.20}{\376\377\000I\000n\000t\000r\000o\000d\000u\000c\000t\000i\000o\000n\000\040\000t\000o\000\040\000S\000o\000l\000i\000d\000\040\000S\000t\000a\000t\000e\000\040\000P\000h\000y\000s\000i\000c\000s}{part.4}% 167
\BOOKMARK [1][-]{section.20.1}{\376\377\000I\000n\000f\000i\000n\000i\000t\000e\000\040\000L\000i\000n\000e\000a\000r\000\040\000C\000h\000a\000i\000n}{chapter.20}% 168
\BOOKMARK [1][-]{section.20.2}{\376\377\000F\000e\000r\000m\000i\000\040\000L\000e\000v\000e\000l}{chapter.20}% 169
\BOOKMARK [1][-]{section.20.3}{\376\377\000F\000r\000e\000e\000\040\000E\000l\000e\000c\000t\000r\000o\000n\000\040\000A\000p\000p\000r\000o\000a\000c\000h\000\040\000t\000o\000\040\000M\000e\000t\000a\000l\000s}{chapter.20}% 170
\BOOKMARK [2][-]{subsection.20.3.1}{\376\377\000D\000r\000u\000d\000e\000\040\000T\000h\000e\000o\000r\000y\000\040\000o\000f\000\040\000C\000o\000n\000d\000u\000c\000t\000i\000o\000n}{section.20.3}% 171
\BOOKMARK [2][-]{subsection.20.3.2}{\376\377\000S\000o\000m\000m\000e\000r\000f\000e\000l\000d\000\040\000T\000h\000e\000o\000r\000y\000\040\000o\000f\000\040\000M\000e\000t\000a\000l\000s\000\040\000a\000n\000d\000\040\000C\000o\000n\000d\000u\000c\000t\000i\000o\000n}{section.20.3}% 172
\BOOKMARK [1][-]{section.20.4}{\376\377\000b\000l\000a\000h\000\040\000b\000l\000a\000h}{chapter.20}% 173
\BOOKMARK [-1][-]{part.5}{\376\377\000V\000\040\000N\000u\000c\000l\000e\000a\000r\000\040\000a\000n\000d\000\040\000P\000a\000r\000t\000i\000c\000l\000e\000\040\000P\000h\000y\000s\000i\000c\000s}{}% 174
\BOOKMARK [0][-]{chapter.21}{\376\377\000S\000c\000a\000t\000t\000e\000r\000i\000n\000g\000\040\000a\000n\000d\000\040\000C\000r\000o\000s\000s\000\040\000S\000e\000c\000t\000i\000o\000n\000s}{part.5}% 175
\BOOKMARK [1][-]{section.21.1}{\376\377\000A\000\040\000S\000m\000a\000l\000l\000\040\000I\000n\000t\000r\000o\000\040\000t\000o\000\040\000S\000o\000m\000e\000\040\000W\000a\000c\000k\000y\000\040\000U\000n\000i\000t\000s}{chapter.21}% 176
\BOOKMARK [1][-]{section.21.2}{\376\377\000C\000r\000o\000s\000s\000\040\000S\000e\000c\000t\000i\000o\000n}{chapter.21}% 177
\BOOKMARK [2][-]{subsection.21.2.1}{\376\377\000C\000r\000o\000s\000s\000e\000d\000\040\000B\000e\000a\000m\000\040\000I\000n\000t\000e\000r\000a\000c\000t\000i\000o\000n\000\040\000a\000n\000d\000\040\000L\000u\000m\000i\000n\000o\000s\000i\000t\000y}{section.21.2}% 178
\BOOKMARK [2][-]{subsection.21.2.2}{\376\377\000H\000i\000g\000g\000s\000\040\000B\000o\000s\000o\000n\000s\000,\000\040\000E\000x\000c\000l\000u\000s\000i\000v\000e\000\040\000a\000n\000d\000\040\000I\000n\000c\000l\000u\000s\000i\000v\000e\000\040\000C\000r\000o\000s\000s\000\040\000S\000e\000c\000t\000i\000o\000n\000s}{section.21.2}% 179
\BOOKMARK [2][-]{subsection.21.2.3}{\376\377\000M\000e\000a\000n\000\040\000F\000r\000e\000e\000\040\000P\000a\000t\000h}{section.21.2}% 180
\BOOKMARK [1][-]{section.21.3}{\376\377\000D\000i\000f\000f\000e\000r\000e\000n\000t\000i\000a\000l\000\040\000C\000r\000o\000s\000s\000\040\000S\000e\000c\000t\000i\000o\000n}{chapter.21}% 181
\BOOKMARK [0][-]{chapter.22}{\376\377\000N\000u\000c\000l\000e\000a\000r\000\040\000P\000h\000y\000s\000i\000c\000s}{part.5}% 182
\BOOKMARK [1][-]{section.22.1}{\376\377\000F\000i\000r\000s\000t\000\040\000D\000i\000s\000c\000o\000v\000e\000r\000i\000e\000s}{chapter.22}% 183
\BOOKMARK [2][-]{subsection.22.1.1}{\376\377\000T\000h\000o\000m\000p\000s\000o\000n\000\040\000a\000n\000d\000\040\000t\000h\000e\000\040\000D\000i\000s\000c\000o\000v\000e\000r\000y\000\040\000o\000f\000\040\000t\000h\000e\000\040\000E\000l\000e\000c\000t\000r\000o\000n}{section.22.1}% 184
\BOOKMARK [2][-]{subsection.22.1.2}{\376\377\000D\000i\000s\000c\000o\000v\000e\000r\000y\000\040\000o\000f\000\040\000t\000h\000e\000\040\000N\000u\000c\000l\000e\000u\000s}{section.22.1}% 185
\BOOKMARK [2][-]{subsection.22.1.3}{\376\377\000D\000i\000s\000c\000o\000v\000e\000r\000y\000\040\000o\000f\000\040\000t\000h\000e\000\040\000P\000r\000o\000t\000o\000n\000\040\000a\000n\000d\000\040\000o\000f\000\040\000t\000h\000e\000\040\000N\000e\000u\000t\000r\000o\000n}{section.22.1}% 186
\BOOKMARK [2][-]{subsection.22.1.4}{\376\377\000M\000o\000d\000e\000r\000n\000\040\000C\000o\000n\000s\000i\000d\000e\000r\000a\000t\000i\000o\000n\000s\000\040\000a\000n\000d\000\040\000E\000x\000p\000e\000r\000i\000m\000e\000n\000t\000s}{section.22.1}% 187
\BOOKMARK [1][-]{section.22.2}{\376\377\000N\000u\000c\000l\000e\000a\000r\000\040\000B\000i\000n\000d\000i\000n\000g\000\040\000E\000n\000e\000r\000g\000y}{chapter.22}% 188
\BOOKMARK [2][-]{subsection.22.2.1}{\376\377\000S\000t\000a\000b\000i\000l\000i\000t\000y\000\040\000a\000n\000d\000\040\000R\000a\000d\000i\000o\000a\000c\000t\000i\000v\000i\000t\000y}{section.22.2}% 189
\BOOKMARK [2][-]{subsection.22.2.2}{\376\377\000B\000i\000n\000d\000i\000n\000g\000\040\000E\000n\000e\000r\000g\000y\000\040\000a\000n\000d\000\040\000N\000u\000c\000l\000e\000a\000r\000\040\000S\000t\000r\000u\000c\000t\000u\000r\000e}{section.22.2}% 190
\BOOKMARK [2][-]{subsection.22.2.3}{\376\377\000N\000u\000c\000l\000e\000a\000r\000\040\000D\000r\000o\000p\000\040\000M\000o\000d\000e\000l}{section.22.2}% 191
\BOOKMARK [1][-]{section.22.3}{\376\377\000A\000l\000p\000h\000a\000\040\000D\000e\000c\000a\000y}{chapter.22}% 192
\BOOKMARK [2][-]{subsection.22.3.1}{\376\377\000Q\000u\000a\000n\000t\000u\000m\000\040\000T\000u\000n\000n\000e\000l\000i\000n\000g\000\040\000a\000n\000d\000\040\000\040\000D\000e\000c\000a\000y}{section.22.3}% 193
\BOOKMARK [2][-]{subsection.22.3.2}{\376\377\000R\000a\000d\000i\000o\000a\000c\000t\000i\000v\000i\000t\000y\000\040\000a\000n\000d\000\040\000U\000n\000i\000t\000s}{section.22.3}% 194
\BOOKMARK [1][-]{section.22.4}{\376\377\000N\000u\000c\000l\000e\000a\000r\000\040\000R\000e\000a\000c\000t\000i\000o\000n\000s}{chapter.22}% 195
\BOOKMARK [2][-]{subsection.22.4.1}{\376\377\000U\000r\000a\000n\000i\000u\000m\000\040\000F\000i\000s\000s\000i\000o\000n\000\040\000a\000n\000d\000\040\000N\000u\000c\000l\000e\000a\000r\000\040\000P\000o\000w\000e\000r\000\040\000P\000l\000a\000n\000t\000s}{section.22.4}% 196
\BOOKMARK [1][-]{section.22.5}{\376\377\000N\000u\000c\000l\000e\000a\000r\000\040\000F\000u\000s\000i\000o\000n}{chapter.22}% 197
\BOOKMARK [2][-]{subsection.22.5.1}{\376\377\000Q\000u\000a\000n\000t\000u\000m\000\040\000T\000u\000n\000n\000e\000l\000i\000n\000g\000\040\000a\000n\000d\000\040\000F\000u\000s\000i\000o\000n}{section.22.5}% 198
\BOOKMARK [2][-]{subsection.22.5.2}{\376\377\000S\000t\000e\000l\000l\000a\000r\000\040\000F\000u\000s\000i\000o\000n\000\040\000a\000n\000d\000\040\000N\000u\000c\000l\000e\000o\000s\000y\000n\000t\000h\000e\000s\000i\000s}{section.22.5}% 199
\BOOKMARK [1][-]{section.22.6}{\376\377\000B\000e\000t\000a\000\040\000D\000e\000c\000a\000y}{chapter.22}% 200
\BOOKMARK [2][-]{subsection.22.6.1}{\376\377\000U\000n\000s\000t\000a\000b\000l\000e\000\040\000S\000t\000a\000t\000e\000s\000\040\000a\000n\000d\000\040\000D\000e\000c\000a\000y\000\040\000R\000a\000t\000e\000s}{section.22.6}% 201
\BOOKMARK [2][-]{subsection.22.6.2}{\376\377\000B\000e\000t\000a\000\040\000D\000e\000c\000a\000y\000\040\000R\000a\000t\000e}{section.22.6}% 202
\BOOKMARK [2][-]{subsection.22.6.3}{\376\377\000E\000x\000p\000e\000r\000i\000m\000e\000n\000t\000a\000l\000\040\000E\000s\000t\000i\000m\000a\000t\000e\000\040\000o\000f\000\040\000m}{section.22.6}% 203
\BOOKMARK [2][-]{subsection.22.6.4}{\376\377\000C\000r\000o\000s\000s\000\040\000S\000e\000c\000t\000i\000o\000n\000\040\000f\000o\000r\000\040\000B\000e\000t\000a\000\040\000D\000e\000c\000a\000y\000s}{section.22.6}% 204
\BOOKMARK [0][-]{chapter.23}{\376\377\000E\000l\000e\000c\000t\000r\000o\000m\000a\000g\000n\000e\000t\000i\000c\000\040\000I\000n\000t\000e\000r\000a\000c\000t\000i\000o\000n\000s}{part.5}% 205
\BOOKMARK [1][-]{section.23.1}{\376\377\000P\000a\000r\000t\000i\000c\000l\000e\000\040\000D\000e\000t\000e\000c\000t\000i\000o\000n}{chapter.23}% 206
\BOOKMARK [2][-]{subsection.23.1.1}{\376\377\000C\000h\000a\000r\000g\000e\000d\000\040\000P\000a\000r\000t\000i\000c\000l\000e\000s\000\040\000a\000n\000d\000\040\000I\000o\000n\000i\000z\000a\000t\000i\000o\000n}{section.23.1}% 207
\BOOKMARK [2][-]{subsection.23.1.2}{\376\377\000B\000o\000h\000r\000\040\000F\000o\000r\000m\000u\000l\000a}{section.23.1}% 208
\BOOKMARK [2][-]{subsection.23.1.3}{\376\377\000R\000e\000s\000i\000d\000u\000a\000l\000\040\000P\000a\000t\000h}{section.23.1}% 209
\BOOKMARK [1][-]{section.23.2}{\376\377\000C\000h\000e\000r\000e\000n\000k\000o\000v\000\040\000E\000f\000f\000e\000c\000t}{chapter.23}% 210
\BOOKMARK [1][-]{section.23.3}{\376\377\000L\000o\000s\000s\000\040\000o\000f\000\040\000E\000n\000e\000r\000g\000y\000\040\000f\000o\000r\000\040\000E\000l\000e\000c\000t\000r\000o\000n\000s\000\040\000a\000n\000d\000\040\000P\000o\000s\000i\000t\000r\000o\000n\000s}{chapter.23}% 211
\BOOKMARK [1][-]{section.23.4}{\376\377\000B\000r\000e\000m\000s\000s\000t\000r\000a\000h\000l\000u\000n\000g}{chapter.23}% 212
\BOOKMARK [1][-]{section.23.5}{\376\377\000P\000h\000o\000t\000o\000n\000s\000\040\000i\000n\000\040\000M\000a\000t\000t\000e\000r}{chapter.23}% 213
\BOOKMARK [2][-]{subsection.23.5.1}{\376\377\000P\000h\000o\000t\000o\000e\000l\000e\000c\000t\000r\000i\000c\000\040\000E\000f\000f\000e\000c\000t}{section.23.5}% 214
\BOOKMARK [2][-]{subsection.23.5.2}{\376\377\000C\000o\000m\000p\000t\000o\000n\000\040\000E\000f\000f\000e\000c\000t}{section.23.5}% 215
\BOOKMARK [2][-]{subsection.23.5.3}{\376\377\000P\000a\000i\000r\000\040\000P\000r\000o\000d\000u\000c\000t\000i\000o\000n}{section.23.5}% 216
\BOOKMARK [2][-]{subsection.23.5.4}{\376\377\000A\000t\000t\000e\000n\000u\000a\000t\000i\000o\000n\000\040\000L\000e\000n\000g\000t\000h\000\040\000f\000o\000r\000\040\000P\000h\000o\000t\000o\000n\000s}{section.23.5}% 217
\BOOKMARK [2][-]{subsection.23.5.5}{\376\377\000E\000l\000e\000c\000t\000r\000o\000m\000a\000g\000n\000e\000t\000i\000c\000\040\000S\000h\000o\000w\000e\000r\000s\000\040\000i\000n\000\040\000M\000e\000d\000i\000u\000m\000s}{section.23.5}% 218
\BOOKMARK [2][-]{subsection.23.5.6}{\376\377\000H\000a\000d\000r\000o\000n\000i\000c\000\040\000I\000n\000t\000e\000r\000a\000c\000t\000i\000o\000n\000s}{section.23.5}% 219
\BOOKMARK [0][-]{chapter.24}{\376\377\000P\000a\000r\000t\000i\000c\000l\000e\000\040\000D\000e\000t\000e\000c\000t\000o\000r\000s}{part.5}% 220
\BOOKMARK [1][-]{section.24.1}{\376\377\000T\000r\000a\000c\000k\000e\000r\000s}{chapter.24}% 221
\BOOKMARK [2][-]{subsection.24.1.1}{\376\377\000C\000l\000o\000u\000d\000\040\000C\000h\000a\000m\000b\000e\000r\000s}{section.24.1}% 222
\BOOKMARK [2][-]{subsection.24.1.2}{\376\377\000N\000u\000c\000l\000e\000a\000r\000\040\000E\000m\000u\000l\000s\000i\000o\000n\000s}{section.24.1}% 223
\BOOKMARK [1][-]{section.24.2}{\376\377\000I\000o\000n\000i\000z\000a\000t\000i\000o\000n\000\040\000D\000e\000t\000e\000c\000t\000o\000r\000s}{chapter.24}% 224
\BOOKMARK [2][-]{subsection.24.2.1}{\376\377\000D\000r\000i\000f\000t\000\040\000C\000h\000a\000m\000b\000e\000r\000s}{section.24.2}% 225
\BOOKMARK [2][-]{subsection.24.2.2}{\376\377\000S\000i\000l\000i\000c\000o\000n\000\040\000D\000e\000t\000e\000c\000t\000o\000r\000s}{section.24.2}% 226
\BOOKMARK [1][-]{section.24.3}{\376\377\000C\000a\000l\000o\000r\000i\000m\000e\000t\000e\000r\000s\000\040\000a\000n\000d\000\040\000E\000n\000e\000r\000g\000y\000\040\000M\000e\000a\000s\000u\000r\000e\000s}{chapter.24}% 227
\BOOKMARK [1][-]{section.24.4}{\376\377\000P\000a\000r\000t\000i\000c\000l\000e\000\040\000A\000c\000c\000e\000l\000e\000r\000a\000t\000o\000r\000s}{chapter.24}% 228
\BOOKMARK [2][-]{subsection.24.4.1}{\376\377\000C\000y\000c\000l\000o\000t\000r\000o\000n\000s}{section.24.4}% 229
\BOOKMARK [2][-]{subsection.24.4.2}{\376\377\000S\000y\000n\000c\000h\000r\000o\000t\000r\000o\000n\000s}{section.24.4}% 230
\BOOKMARK [0][-]{chapter.25}{\376\377\000B\000a\000s\000i\000c\000s\000\040\000o\000f\000\040\000Q\000u\000a\000n\000t\000u\000m\000\040\000F\000i\000e\000l\000d\000\040\000T\000h\000e\000o\000r\000y}{part.5}% 231
\BOOKMARK [1][-]{section.25.1}{\376\377\000P\000e\000r\000t\000u\000r\000b\000a\000t\000i\000o\000n\000s\000\040\000a\000n\000d\000\040\000F\000e\000y\000n\000m\000a\000n\000\040\000D\000i\000a\000g\000r\000a\000m\000s}{chapter.25}% 232
\BOOKMARK [2][-]{subsection.25.1.1}{\376\377\000E\000l\000e\000c\000t\000r\000o\000d\000y\000n\000a\000m\000i\000c\000\040\000P\000r\000o\000c\000e\000s\000s\000e\000s}{section.25.1}% 233
\BOOKMARK [1][-]{section.25.2}{\376\377\000K\000l\000e\000i\000n\000-\000G\000o\000r\000d\000o\000n\000\040\000E\000q\000u\000a\000t\000i\000o\000n\000\040\000a\000n\000d\000\040\000t\000h\000e\000\040\000Y\000u\000k\000a\000w\000a\000\040\000P\000o\000t\000e\000n\000t\000i\000a\000l}{chapter.25}% 234
\BOOKMARK [2][-]{subsection.25.2.1}{\376\377\000W\000e\000a\000k\000\040\000I\000n\000t\000e\000r\000a\000c\000t\000i\000o\000n\000s}{section.25.2}% 235
\BOOKMARK [1][-]{section.25.3}{\376\377\000S\000y\000m\000m\000e\000t\000r\000i\000e\000s}{chapter.25}% 236
\BOOKMARK [2][-]{subsection.25.3.1}{\376\377\000D\000i\000s\000c\000r\000e\000t\000e\000\040\000T\000r\000a\000n\000s\000f\000o\000r\000m\000a\000t\000i\000o\000n\000s}{section.25.3}% 237
\BOOKMARK [2][-]{subsection.25.3.2}{\376\377\000L\000e\000p\000t\000o\000n\000i\000c\000\040\000N\000u\000m\000b\000e\000r}{section.25.3}% 238
\BOOKMARK [2][-]{subsection.25.3.3}{\376\377\000B\000a\000r\000y\000o\000n\000i\000c\000\040\000N\000u\000m\000b\000e\000r\000\040\000a\000n\000d\000\040\000I\000s\000o\000s\000p\000i\000n}{section.25.3}% 239
\BOOKMARK [1][-]{section.25.4}{\376\377\000I\000s\000o\000s\000p\000i\000n}{chapter.25}% 240
\BOOKMARK [2][-]{subsection.25.4.1}{\376\377\000P\000i\000o\000n\000-\000N\000u\000c\000l\000e\000o\000n\000\040\000S\000c\000a\000t\000t\000e\000r\000i\000n\000g}{section.25.4}% 241
\BOOKMARK [2][-]{subsection.25.4.2}{\376\377\000I\000s\000o\000s\000p\000i\000n\000\040\000a\000n\000d\000\040\000C\000h\000a\000r\000g\000e}{section.25.4}% 242
\BOOKMARK [-1][-]{part.6}{\376\377\000V\000I\000\040\000A\000p\000p\000e\000n\000d\000i\000c\000e\000s}{}% 243
\BOOKMARK [0][-]{appendix.A}{\376\377\000M\000a\000t\000h\000e\000m\000a\000t\000i\000c\000a\000l\000\040\000M\000e\000t\000h\000o\000d\000s}{part.6}% 244
\BOOKMARK [1][-]{section.A.1}{\376\377\000P\000r\000o\000p\000e\000r\000t\000i\000e\000s\000\040\000o\000f\000\040\000t\000h\000e\000\040\000i\000j\000k\000\040\000T\000e\000n\000s\000o\000r}{appendix.A}% 245
\BOOKMARK [1][-]{section.A.2}{\376\377\000S\000p\000e\000c\000i\000a\000l\000\040\000F\000u\000n\000c\000t\000i\000o\000n\000s}{appendix.A}% 246
\BOOKMARK [2][-]{subsection.A.2.1}{\376\377\000S\000p\000h\000e\000r\000i\000c\000a\000l\000\040\000H\000a\000r\000m\000o\000n\000i\000c\000s}{section.A.2}% 247
\BOOKMARK [2][-]{subsection.A.2.2}{\376\377\000C\000o\000n\000f\000l\000u\000e\000n\000t\000\040\000H\000y\000p\000e\000r\000g\000e\000o\000m\000e\000t\000r\000i\000c\000\040\000F\000u\000n\000c\000t\000i\000o\000n\000\040\000a\000n\000d\000\040\000L\000a\000g\000u\000e\000r\000r\000e\000\040\000P\000o\000l\000y\000n\000o\000m\000i\000a\000l\000s}{section.A.2}% 248
\BOOKMARK [1][-]{section.A.3}{\376\377\000G\000e\000n\000e\000r\000a\000l\000i\000z\000e\000d\000\040\000R\000i\000e\000m\000a\000n\000n\000\040\000\040\000F\000u\000n\000c\000t\000i\000o\000n\000s\000\040\000a\000n\000d\000\040\000B\000e\000r\000n\000o\000u\000l\000l\000i\000\040\000N\000u\000m\000b\000e\000r\000s}{appendix.A}% 249
\BOOKMARK [1][-]{section.A.4}{\376\377\000S\000a\000d\000d\000l\000e\000\040\000P\000o\000i\000n\000t\000\040\000M\000e\000t\000h\000o\000d}{appendix.A}% 250
\BOOKMARK [0][-]{appendix.B}{\376\377\000C\000l\000e\000b\000s\000c\000h\000-\000G\000o\000r\000d\000a\000n\000\040\000T\000a\000b\000l\000e}{part.6}% 251
\BOOKMARK [0][-]{appendix.C}{\376\377\000T\000e\000n\000s\000o\000r\000\040\000S\000p\000h\000e\000r\000i\000c\000a\000l\000\040\000H\000a\000r\000m\000o\000n\000i\000c\000s}{part.6}% 252
\BOOKMARK [1][-]{section.C.1}{\376\377\000S\000p\000i\000n\000\040\0001\000/\0002\000\040\000S\000y\000s\000t\000e\000m}{appendix.C}% 253
\BOOKMARK [0][-]{appendix.D}{\376\377\000C\000a\000l\000c\000u\000l\000u\000s\000\040\000o\000f\000\040\000r\000k\000l\000n\000m\000\040\000I\000n\000t\000e\000g\000r\000a\000l\000s}{part.6}% 254
\BOOKMARK [0][-]{appendix.E}{\376\377\000P\000e\000r\000i\000o\000d\000i\000c\000\040\000T\000a\000b\000l\000e}{part.6}% 255
\BOOKMARK [0][-]{appendix.F}{\376\377\000B\000a\000s\000i\000c\000\040\000C\000h\000e\000m\000i\000s\000t\000r\000y}{part.6}% 256
\BOOKMARK [1][-]{section.F.1}{\376\377\000B\000a\000s\000i\000c\000\040\000N\000o\000t\000i\000o\000n\000s}{appendix.F}% 257
\BOOKMARK [2][-]{subsection.F.1.1}{\376\377\000M\000o\000l\000e\000s\000\040\000a\000n\000d\000\040\000M\000o\000l\000a\000r\000\040\000M\000a\000s\000s}{section.F.1}% 258
\BOOKMARK [2][-]{subsection.F.1.2}{\376\377\000E\000l\000e\000m\000e\000n\000t\000a\000l\000\040\000A\000n\000a\000l\000y\000s\000i\000s}{section.F.1}% 259
\BOOKMARK [0][-]{appendix.G}{\376\377\000S\000y\000m\000m\000e\000t\000r\000y\000\040\000a\000n\000d\000\040\000P\000o\000i\000n\000t\000\040\000G\000r\000o\000u\000p\000s}{part.6}% 260
\BOOKMARK [1][-]{section.G.1}{\376\377\000G\000r\000o\000u\000p\000\040\000T\000h\000e\000o\000r\000y}{appendix.G}% 261
\BOOKMARK [0][-]{appendix.H}{\376\377\000S\000p\000e\000c\000i\000a\000l\000\040\000R\000e\000l\000a\000t\000i\000v\000i\000t\000y}{part.6}% 262
\BOOKMARK [1][-]{section.H.1}{\376\377\000P\000r\000i\000n\000c\000i\000p\000l\000e\000\040\000o\000f\000\040\000R\000e\000l\000a\000t\000i\000v\000i\000t\000y}{appendix.H}% 263
\BOOKMARK [1][-]{section.H.2}{\376\377\000S\000p\000a\000c\000e\000t\000i\000m\000e}{appendix.H}% 264
\BOOKMARK [2][-]{subsection.H.2.1}{\376\377\000S\000p\000a\000c\000e\000t\000i\000m\000e\000\040\000D\000i\000a\000g\000r\000a\000m\000s}{section.H.2}% 265
\BOOKMARK [1][-]{section.H.3}{\376\377\000P\000r\000o\000p\000e\000r\000\040\000T\000i\000m\000e}{appendix.H}% 266
\BOOKMARK [1][-]{section.H.4}{\376\377\000F\000o\000r\000m\000a\000l\000i\000z\000a\000t\000i\000o\000n\000\040\000o\000f\000\040\000t\000h\000e\000\040\000P\000r\000i\000n\000c\000i\000p\000l\000e\000\040\000o\000f\000\040\000R\000e\000l\000a\000t\000i\000v\000i\000t\000y}{appendix.H}% 267
\BOOKMARK [2][-]{subsection.H.4.1}{\376\377\000L\000e\000n\000g\000t\000h\000\040\000C\000o\000n\000t\000r\000a\000c\000t\000i\000o\000n\000\040\000a\000n\000d\000\040\000T\000i\000m\000e\000\040\000D\000i\000l\000a\000t\000i\000o\000n}{section.H.4}% 268
\BOOKMARK [2][-]{subsection.H.4.2}{\376\377\000V\000e\000l\000o\000c\000i\000t\000y\000\040\000T\000r\000a\000n\000s\000f\000o\000r\000m\000a\000t\000i\000o\000n\000s}{section.H.4}% 269
\BOOKMARK [1][-]{section.H.5}{\376\377\0004\000-\000V\000e\000c\000t\000o\000r\000s}{appendix.H}% 270
\BOOKMARK [2][-]{subsection.H.5.1}{\376\377\0004\000-\000V\000e\000l\000o\000c\000i\000t\000y\000\040\000a\000n\000d\000\040\0004\000-\000A\000c\000c\000e\000l\000e\000r\000a\000t\000i\000o\000n}{section.H.5}% 271
\BOOKMARK [1][-]{section.H.6}{\376\377\000E\000x\000e\000r\000c\000i\000s\000e\000s}{appendix.H}% 272
\BOOKMARK [1][-]{section.H.7}{\376\377\000R\000e\000l\000a\000t\000i\000v\000i\000s\000t\000i\000c\000\040\000L\000e\000a\000s\000t\000\040\000A\000c\000t\000i\000o\000n\000\040\000P\000r\000i\000n\000c\000i\000p\000l\000e}{appendix.H}% 273
\BOOKMARK [2][-]{subsection.H.7.1}{\376\377\000R\000e\000l\000a\000t\000i\000v\000i\000s\000t\000i\000c\000\040\000E\000n\000e\000r\000g\000y\000\040\000a\000n\000d\000\040\000M\000o\000m\000e\000n\000t\000u\000m}{section.H.7}% 274
\BOOKMARK [1][-]{section.H.8}{\376\377\000R\000e\000l\000a\000t\000i\000v\000i\000s\000t\000i\000c\000\040\000H\000a\000m\000i\000l\000t\000o\000n\000\040\000J\000a\000c\000o\000b\000i\000\040\000E\000q\000u\000a\000t\000i\000o\000n\000\040\000a\000n\000d\000\040\0004\000-\000V\000e\000c\000t\000o\000r\000\040\000F\000o\000r\000m\000u\000l\000a\000t\000i\000o\000n}{appendix.H}% 275
\BOOKMARK [1][-]{section.H.9}{\376\377\000L\000a\000b\000o\000r\000a\000t\000o\000r\000y\000\040\000a\000n\000d\000\040\000C\000e\000n\000t\000e\000r\000\040\000o\000f\000\040\000M\000a\000s\000s\000\040\000R\000e\000f\000e\000r\000e\000n\000c\000e\000\040\000F\000r\000a\000m\000e\000s}{appendix.H}% 276
\BOOKMARK [1][-]{section.H.10}{\376\377\000I\000n\000v\000a\000r\000i\000a\000n\000t\000\040\000M\000a\000s\000s}{appendix.H}% 277
\BOOKMARK [2][-]{subsection.H.10.1}{\376\377\000T\000r\000a\000n\000s\000f\000o\000r\000m\000a\000t\000i\000o\000n\000s\000\040\000o\000f\000\040\000t\000h\000e\000\040\000I\000n\000v\000a\000r\000i\000a\000n\000t\000\040\000M\000a\000s\000s}{section.H.10}% 278
\BOOKMARK [1][-]{section.H.11}{\376\377\000T\000r\000a\000n\000s\000v\000e\000r\000s\000e\000\040\000M\000o\000m\000e\000n\000t\000u\000m\000\040\000a\000n\000d\000\040\000T\000r\000a\000n\000s\000f\000o\000r\000m\000a\000t\000i\000o\000n\000\040\000o\000f\000\040\000A\000n\000g\000l\000e\000s}{appendix.H}% 279
\BOOKMARK [1][-]{section.H.12}{\376\377\000D\000e\000c\000a\000y\000s\000\040\000a\000n\000d\000\040\000T\000h\000r\000e\000s\000h\000o\000l\000d\000\040\000E\000n\000e\000r\000g\000y}{appendix.H}% 280
\BOOKMARK [1][-]{section.H.13}{\376\377\000E\000l\000a\000s\000t\000i\000c\000\040\000S\000c\000a\000t\000t\000e\000r\000i\000n\000g}{appendix.H}% 281
\BOOKMARK [1][-]{section.H.14}{\376\377\000N\000-\000b\000o\000d\000y\000\040\000D\000e\000c\000a\000y\000s}{appendix.H}% 282
