\BOOKMARK [-1][-]{part.1}{I Quantum Mechanics}{}% 1
\BOOKMARK [0][-]{chapter.1}{The Failure of Classical Physics}{part.1}% 2
\BOOKMARK [1][-]{section.1.1}{Old Quantum Mechanics}{chapter.1}% 3
\BOOKMARK [1][-]{section.1.2}{Wave-Particle Duality}{chapter.1}% 4
\BOOKMARK [1][-]{section.1.3}{Experimental Verifications of Quantum Mechanics}{chapter.1}% 5
\BOOKMARK [2][-]{subsection.1.3.1}{Double Slit Experiment and Quantum Measurement}{section.1.3}% 6
\BOOKMARK [0][-]{chapter.2}{The Fundamentals}{part.1}% 7
\BOOKMARK [1][-]{section.2.1}{Dirac Notation}{chapter.2}% 8
\BOOKMARK [2][-]{subsection.2.1.1}{Generalized Vectors and Tensors in Dirac Notation}{section.2.1}% 9
\BOOKMARK [2][-]{subsection.2.1.2}{Function Spaces and Linear Operators}{section.2.1}% 10
\BOOKMARK [1][-]{section.2.2}{Axioms of Quantum Mechanics}{chapter.2}% 11
\BOOKMARK [1][-]{section.2.3}{Representation Theory}{chapter.2}% 12
\BOOKMARK [2][-]{subsection.2.3.1}{Heisenberg Representation}{section.2.3}% 13
\BOOKMARK [2][-]{subsection.2.3.2}{Schrödinger Representation}{section.2.3}% 14
\BOOKMARK [2][-]{subsection.2.3.3}{Hamiltonian Operators}{section.2.3}% 15
\BOOKMARK [0][-]{chapter.3}{Quantum Dynamics in 1D}{part.1}% 16
\BOOKMARK [1][-]{section.3.1}{Free Particle}{chapter.3}% 17
\BOOKMARK [1][-]{section.3.2}{Quantum Harmonic Oscillator}{chapter.3}% 18
\BOOKMARK [2][-]{subsection.3.2.1}{Dirac Formulation}{section.3.2}% 19
\BOOKMARK [2][-]{subsection.3.2.2}{Coherent States of the Quantum Harmonic Oscillator}{section.3.2}% 20
\BOOKMARK [2][-]{subsection.3.2.3}{Schrödinger Formulation}{section.3.2}% 21
\BOOKMARK [1][-]{section.3.3}{Infinite Square Well}{chapter.3}% 22
\BOOKMARK [1][-]{section.3.4}{Infinite Wall}{chapter.3}% 23
\BOOKMARK [1][-]{section.3.5}{Finite Square Well}{chapter.3}% 24
\BOOKMARK [2][-]{subsection.3.5.1}{Scattering and Transfer Matrices}{section.3.5}% 25
\BOOKMARK [1][-]{section.3.6}{Considerations on One Dimensional Motion in Generic Potentials}{chapter.3}% 26
\BOOKMARK [1][-]{section.3.7}{Time Evolution of Quantum Systems}{chapter.3}% 27
\BOOKMARK [2][-]{subsection.3.7.1}{General Remarks and Schrödinger's Picture}{section.3.7}% 28
\BOOKMARK [2][-]{subsection.3.7.2}{Heisenberg Picture and Constants of Motion}{section.3.7}% 29
\BOOKMARK [0][-]{chapter.4}{The Theory of Angular Momentum}{part.1}% 30
\BOOKMARK [1][-]{section.4.1}{Rotations}{chapter.4}% 31
\BOOKMARK [2][-]{subsection.4.1.1}{Infinitesimal Rotations in Quantum Mechanics}{section.4.1}% 32
\BOOKMARK [1][-]{section.4.2}{Eigenvalues and Eigenstates of Angular Momentum}{chapter.4}% 33
\BOOKMARK [2][-]{subsection.4.2.1}{Matrix Elements of the Ladder Operators of Angular Momentum}{section.4.2}% 34
\BOOKMARK [1][-]{section.4.3}{Orbital Angular Momentum}{chapter.4}% 35
\BOOKMARK [1][-]{section.4.4}{Spin}{chapter.4}% 36
\BOOKMARK [1][-]{section.4.5}{Addition of Angular Momenta}{chapter.4}% 37
\BOOKMARK [0][-]{chapter.5}{Quantum Dynamics in 3D}{part.1}% 38
\BOOKMARK [1][-]{section.5.1}{Free Particles and Infinite Wells Revisited}{chapter.5}% 39
\BOOKMARK [1][-]{section.5.2}{Isotropic Harmonic Oscillator}{chapter.5}% 40
\BOOKMARK [1][-]{section.5.3}{Particle in a Coulomb Potential, Hydrogen Atom}{chapter.5}% 41
\BOOKMARK [0][-]{chapter.6}{Approximation Methods}{part.1}% 42
\BOOKMARK [1][-]{section.6.1}{Perturbation Theory}{chapter.6}% 43
\BOOKMARK [2][-]{subsection.6.1.1}{Rayleigh-Schrödinger Perturbation Theory, Nondegenerate Case}{section.6.1}% 44
\BOOKMARK [2][-]{subsection.6.1.2}{Rayleigh-Schrödinger Perturbation Theory, Degenerate Case}{section.6.1}% 45
\BOOKMARK [1][-]{section.6.2}{Variational Methods}{chapter.6}% 46
\BOOKMARK [1][-]{section.6.3}{Time Dependent Perturbation Theory}{chapter.6}% 47
\BOOKMARK [2][-]{subsection.6.3.1}{Dirac Interaction Picture}{section.6.3}% 48
\BOOKMARK [2][-]{subsection.6.3.2}{Dyson Series}{section.6.3}% 49
\BOOKMARK [0][-]{chapter.7}{Identical Particles}{part.1}% 50
\BOOKMARK [1][-]{section.7.1}{Symmetrization Postulate}{chapter.7}% 51
\BOOKMARK [2][-]{subsection.7.1.1}{Two Electron System}{section.7.1}% 52
\BOOKMARK [1][-]{section.7.2}{Multiparticle States}{chapter.7}% 53
\BOOKMARK [-1][-]{part.2}{II Atomic Physics}{}% 54
\BOOKMARK [0][-]{chapter.8}{One Electron Atoms}{part.2}% 55
\BOOKMARK [1][-]{section.8.1}{Dipole Approximation}{chapter.8}% 56
\BOOKMARK [2][-]{subsection.8.1.1}{Dipole Selection Rules}{section.8.1}% 57
\BOOKMARK [2][-]{subsection.8.1.2}{Spontaneous Emission}{section.8.1}% 58
\BOOKMARK [2][-]{subsection.8.1.3}{Thermodynamic Equilibrium}{section.8.1}% 59
\BOOKMARK [1][-]{section.8.2}{Relativistic Corrections and Fine Structure}{chapter.8}% 60
\BOOKMARK [2][-]{subsection.8.2.1}{Relativistic Correction for the Kinetic Energy}{section.8.2}% 61
\BOOKMARK [2][-]{subsection.8.2.2}{Darwin Term}{section.8.2}% 62
\BOOKMARK [2][-]{subsection.8.2.3}{Spin Orbit Coupling}{section.8.2}% 63
\BOOKMARK [2][-]{subsection.8.2.4}{Fine Structure Splitting}{section.8.2}% 64
\BOOKMARK [1][-]{section.8.3}{Fine Structure Dipole Transitions}{chapter.8}% 65
\BOOKMARK [1][-]{section.8.4}{Zeeman Effect}{chapter.8}% 66
\BOOKMARK [2][-]{subsection.8.4.1}{Strong Fields}{section.8.4}% 67
\BOOKMARK [2][-]{subsection.8.4.2}{Paschen-Back Effect}{section.8.4}% 68
\BOOKMARK [2][-]{subsection.8.4.3}{Anomalous Zeeman Effect}{section.8.4}% 69
\BOOKMARK [1][-]{section.8.5}{Stark Effect}{chapter.8}% 70
\BOOKMARK [2][-]{subsection.8.5.1}{Linear Stark Effect}{section.8.5}% 71
\BOOKMARK [1][-]{section.8.6}{Hyperfine Structure and Isotope Shifts}{chapter.8}% 72
\BOOKMARK [2][-]{subsection.8.6.1}{Magnetic Dipole Hyperfine Structure}{section.8.6}% 73
\BOOKMARK [0][-]{chapter.9}{Two Electron Atoms}{part.2}% 74
\BOOKMARK [1][-]{section.9.1}{Independent Particle Model}{chapter.9}% 75
\BOOKMARK [2][-]{subsection.9.1.1}{Central Field Approximation}{section.9.1}% 76
\BOOKMARK [1][-]{section.9.2}{Ground State of Two Electron Atoms}{chapter.9}% 77
\BOOKMARK [2][-]{subsection.9.2.1}{Perturbation Theory}{section.9.2}% 78
\BOOKMARK [2][-]{subsection.9.2.2}{Variational Methods}{section.9.2}% 79
\BOOKMARK [1][-]{section.9.3}{Excited States of Two Electron Atoms}{chapter.9}% 80
\BOOKMARK [2][-]{subsection.9.3.1}{Perturbation Theory}{section.9.3}% 81
\BOOKMARK [2][-]{subsection.9.3.2}{Variational Methods}{section.9.3}% 82
\BOOKMARK [0][-]{chapter.10}{Many Electron Atoms}{part.2}% 83
\BOOKMARK [1][-]{section.10.1}{Central Field Approximation}{chapter.10}% 84
\BOOKMARK [2][-]{subsection.10.1.1}{Shells and Subshells}{section.10.1}% 85
\BOOKMARK [2][-]{subsection.10.1.2}{Aufbau Rule and the Periodic Table}{section.10.1}% 86
\BOOKMARK [1][-]{section.10.2}{Hartree-Fock Metod and Self-Consistent Fields}{chapter.10}% 87
\BOOKMARK [2][-]{subsection.10.2.1}{Beryllium Ground State}{section.10.2}% 88
\BOOKMARK [1][-]{section.10.3}{Spin-Orbit Interactions and Fine Structure of Many-Electron Atoms}{chapter.10}% 89
\BOOKMARK [2][-]{subsection.10.3.1}{Determination of Possible Terms in Spin-Orbit Coupling}{section.10.3}% 90
\BOOKMARK [2][-]{subsection.10.3.2}{Fine Structure Terms and Landé's Interval Rule}{section.10.3}% 91
\BOOKMARK [0][-]{chapter.11}{Electromagnetic Interactions}{part.2}% 92
\BOOKMARK [1][-]{section.11.1}{Selection Rules}{chapter.11}% 93
\BOOKMARK [2][-]{subsection.11.1.1}{Spin-Orbit Coupling}{section.11.1}% 94
\BOOKMARK [1][-]{section.11.2}{Alkali Atoms}{chapter.11}% 95
\BOOKMARK [1][-]{section.11.3}{Alkaline Earths}{chapter.11}% 96
\BOOKMARK [1][-]{section.11.4}{Multiplet Structure}{chapter.11}% 97
\BOOKMARK [1][-]{section.11.5}{Magnetic Field Interaction, Zeeman Effect}{chapter.11}% 98
\BOOKMARK [2][-]{subsection.11.5.1}{Paschen-Back Effect, Strong Field}{section.11.5}% 99
\BOOKMARK [2][-]{subsection.11.5.2}{Anomalous Zeeman Effect, Weak Field}{section.11.5}% 100
\BOOKMARK [-1][-]{part.3}{III Quantum Chemistry}{}% 101
\BOOKMARK [0][-]{chapter.12}{Molecular Structure}{part.3}% 102
\BOOKMARK [1][-]{section.12.1}{Introductory Remarks}{chapter.12}% 103
\BOOKMARK [1][-]{section.12.2}{Born-Oppenheimer Approximation}{chapter.12}% 104
\BOOKMARK [1][-]{section.12.3}{Rovibronic States}{chapter.12}% 105
\BOOKMARK [2][-]{subsection.12.3.1}{Centrifugal Distortion}{section.12.3}% 106
\BOOKMARK [0][-]{chapter.13}{Electronic Structure of Molecules}{part.3}% 107
\BOOKMARK [1][-]{section.13.1}{Approximation Methods and the H2 Molecule}{chapter.13}% 108
\BOOKMARK [2][-]{subsection.13.1.1}{Linear Combination Of Atomic Orbitals \(LCAO-MO\)}{section.13.1}% 109
\BOOKMARK [2][-]{subsection.13.1.2}{Heiter-London Valence Bond Method \(VB-MO\)}{section.13.1}% 110
\BOOKMARK [2][-]{subsection.13.1.3}{Variational LCAO-MO Method}{section.13.1}% 111
\BOOKMARK [1][-]{section.13.2}{Homonuclear Diatomic Molecules}{chapter.13}% 112
\BOOKMARK [2][-]{subsection.13.2.1}{Valency and Chemical Bonding}{section.13.2}% 113
\BOOKMARK [1][-]{section.13.3}{Heteronuclear Diatomic Molecules}{chapter.13}% 114
\BOOKMARK [2][-]{subsection.13.3.1}{Lithium Hydride LiH}{section.13.3}% 115
\BOOKMARK [2][-]{subsection.13.3.2}{Hydrogen Chloride HCl}{section.13.3}% 116
\BOOKMARK [2][-]{subsection.13.3.3}{Sodium Chloride NaCl}{section.13.3}% 117
\BOOKMARK [1][-]{section.13.4}{Triatomic Molecules}{chapter.13}% 118
\BOOKMARK [2][-]{subsection.13.4.1}{Hybridization}{section.13.4}% 119
\BOOKMARK [2][-]{subsection.13.4.2}{Beryllium Dihydride \(BeH2\)}{section.13.4}% 120
\BOOKMARK [2][-]{subsection.13.4.3}{Water \(H2O\)}{section.13.4}% 121
\BOOKMARK [2][-]{subsection.13.4.4}{Carbon Dioxide \(CO2\) and Lone Pairs}{section.13.4}% 122
\BOOKMARK [1][-]{section.13.5}{ Electron Systems and Unlocalized Orbitals}{chapter.13}% 123
\BOOKMARK [2][-]{subsection.13.5.1}{Butadiene \(C4H6\)}{section.13.5}% 124
\BOOKMARK [2][-]{subsection.13.5.2}{Methane and Ethylene\(CH4, C2H4\)}{section.13.5}% 125
\BOOKMARK [2][-]{subsection.13.5.3}{Benzene \(C6H6\)}{section.13.5}% 126
\BOOKMARK [0][-]{chapter.14}{Molecular Spectra}{part.3}% 127
\BOOKMARK [1][-]{section.14.1}{Diatomic Molecules}{chapter.14}% 128
\BOOKMARK [1][-]{section.14.2}{Rovibrational Spectra of Diatomic Molecules}{chapter.14}% 129
\BOOKMARK [2][-]{subsection.14.2.1}{Raman Scattering}{section.14.2}% 130
\BOOKMARK [1][-]{section.14.3}{Electronic Spectra}{chapter.14}% 131
\BOOKMARK [2][-]{subsection.14.3.1}{The Franck-Condon Principle}{section.14.3}% 132
\BOOKMARK [1][-]{section.14.4}{Inversion Spectrum of Ammonia \(NH3\)}{chapter.14}% 133
\BOOKMARK [-1][-]{part.4}{IV Statistical Mechanics}{}% 134
\BOOKMARK [0][-]{chapter.15}{Brief Introduction}{part.4}% 135
\BOOKMARK [1][-]{section.15.1}{Probability Theory}{chapter.15}% 136
\BOOKMARK [1][-]{section.15.2}{Quantum Statistics}{chapter.15}% 137
\BOOKMARK [0][-]{chapter.16}{Microcanonical Ensemble}{part.4}% 138
\BOOKMARK [1][-]{section.16.1}{The Classical Definition}{chapter.16}% 139
\BOOKMARK [1][-]{section.16.2}{The Quantum Definition}{chapter.16}% 140
\BOOKMARK [1][-]{section.16.3}{Entropy, Temperature and Pressure}{chapter.16}% 141
\BOOKMARK [2][-]{subsection.16.3.1}{Entropy of a Microcanonical Ensemble}{section.16.3}% 142
\BOOKMARK [2][-]{subsection.16.3.2}{Temperature and Pressure}{section.16.3}% 143
\BOOKMARK [1][-]{section.16.4}{Examples}{chapter.16}% 144
\BOOKMARK [2][-]{subsection.16.4.1}{The Classical Ideal Gas}{section.16.4}% 145
\BOOKMARK [2][-]{subsection.16.4.2}{Ideal Quantum Gas of Harmonic Oscillators}{section.16.4}% 146
\BOOKMARK [2][-]{subsection.16.4.3}{Paramagnetic Spin 12 System}{section.16.4}% 147
\BOOKMARK [0][-]{chapter.17}{Canonical Ensemble}{part.4}% 148
\BOOKMARK [1][-]{section.17.1}{Entropy of the Canonical Ensemble}{chapter.17}% 149
\BOOKMARK [1][-]{section.17.2}{The Virial Theorem and the Equipartition Theorem}{chapter.17}% 150
\BOOKMARK [1][-]{section.17.3}{Thermodynamic Quantities in the Canonical Ensemble}{chapter.17}% 151
\BOOKMARK [2][-]{subsection.17.3.1}{Equivalence of the Canonical and Microcanonical Macroscopic Ensembles}{section.17.3}% 152
\BOOKMARK [2][-]{subsection.17.3.2}{Thermodynamic Quantities}{section.17.3}% 153
\BOOKMARK [2][-]{subsection.17.3.3}{Heat}{section.17.3}% 154
\BOOKMARK [0][-]{chapter.18}{Grand Canonical Ensemble}{part.4}% 155
\BOOKMARK [1][-]{section.18.1}{Thermodynamic Quantities}{chapter.18}% 156
\BOOKMARK [1][-]{section.18.2}{Examples}{chapter.18}% 157
\BOOKMARK [0][-]{chapter.19}{Ideal Quantum Gases}{part.4}% 158
\BOOKMARK [1][-]{section.19.1}{Degenerate Fermi Gas}{chapter.19}% 159
\BOOKMARK [2][-]{subsection.19.1.1}{Complete Degeneracy Limit}{section.19.1}% 160
\BOOKMARK [1][-]{section.19.2}{Bose-Einstein Condensation}{chapter.19}% 161
\BOOKMARK [0][-]{appendix.A}{Mathematical Methods}{part.4}% 162
\BOOKMARK [1][-]{section.A.1}{Properties of the ijk Tensor}{appendix.A}% 163
\BOOKMARK [1][-]{section.A.2}{Special Functions}{appendix.A}% 164
\BOOKMARK [2][-]{subsection.A.2.1}{Spherical Harmonics}{section.A.2}% 165
\BOOKMARK [2][-]{subsection.A.2.2}{Confluent Hypergeometric Function and Laguerre Polynomials}{section.A.2}% 166
\BOOKMARK [1][-]{section.A.3}{Generalized Riemann \040Functions and Bernoulli Numbers}{appendix.A}% 167
\BOOKMARK [1][-]{section.A.4}{Saddle Point Method}{appendix.A}% 168
\BOOKMARK [0][-]{appendix.B}{Clebsch-Gordan Table}{part.4}% 169
\BOOKMARK [0][-]{appendix.C}{Tensor Spherical Harmonics}{part.4}% 170
\BOOKMARK [1][-]{section.C.1}{Spin 1/2 System}{appendix.C}% 171
\BOOKMARK [0][-]{appendix.D}{Calculus of rklnm Integrals}{part.4}% 172
\BOOKMARK [0][-]{appendix.E}{Periodic Table}{part.4}% 173
\BOOKMARK [0][-]{appendix.F}{Symmetry and Point Groups}{part.4}% 174
\BOOKMARK [1][-]{section.F.1}{Group Theory}{appendix.F}% 175
