\BOOKMARK [-1][-]{part.1}{\376\377\000I\000\040\000L\000a\000g\000r\000a\000n\000g\000i\000a\000n\000\040\000M\000e\000c\000h\000a\000n\000i\000c\000s}{}% 1
\BOOKMARK [0][-]{chapter.1}{\376\377\000N\000e\000w\000t\000o\000n\000i\000a\000n\000\040\000M\000e\000c\000h\000a\000n\000i\000c\000s}{part.1}% 2
\BOOKMARK [1][-]{section.1.1}{\376\377\000P\000a\000r\000t\000i\000c\000l\000e\000\040\000M\000e\000c\000h\000a\000n\000i\000c\000s}{chapter.1}% 3
\BOOKMARK [1][-]{section.1.2}{\376\377\000S\000y\000s\000t\000e\000m\000\040\000M\000e\000c\000h\000a\000n\000i\000c\000s}{chapter.1}% 4
\BOOKMARK [2][-]{subsection.1.2.1}{\376\377\000M\000o\000m\000e\000n\000t\000u\000m\000\040\000a\000n\000d\000\040\000A\000n\000g\000u\000l\000a\000r\000\040\000M\000o\000m\000e\000n\000t\000u\000m\000\040\000o\000f\000\040\000a\000\040\000S\000y\000s\000t\000e\000m\000\040\000o\000f\000\040\000P\000a\000r\000t\000i\000c\000l\000e\000s}{section.1.2}% 5
\BOOKMARK [2][-]{subsection.1.2.2}{\376\377\000E\000n\000e\000r\000g\000y\000\040\000o\000f\000\040\000a\000\040\000S\000y\000s\000t\000e\000m\000\040\000o\000f\000\040\000P\000a\000r\000t\000i\000c\000l\000e\000s}{section.1.2}% 6
\BOOKMARK [0][-]{chapter.2}{\376\377\000L\000a\000g\000r\000a\000n\000g\000e\000\040\000E\000q\000u\000a\000t\000i\000o\000n\000s}{part.1}% 7
\BOOKMARK [1][-]{section.2.1}{\376\377\000C\000o\000n\000s\000t\000r\000a\000i\000n\000t\000s\000\040\000a\000n\000d\000\040\000G\000e\000n\000e\000r\000a\000l\000i\000z\000e\000d\000\040\000C\000o\000o\000r\000d\000i\000n\000a\000t\000e\000s}{chapter.2}% 8
\BOOKMARK [1][-]{section.2.2}{\376\377\000L\000a\000g\000r\000a\000n\000g\000e\000\040\000E\000q\000u\000a\000t\000i\000o\000n\000s}{chapter.2}% 9
\BOOKMARK [2][-]{subsection.2.2.1}{\376\377\000D\000'\000A\000l\000e\000m\000b\000e\000r\000t\000\040\000P\000r\000i\000n\000c\000i\000p\000l\000e}{section.2.2}% 10
\BOOKMARK [2][-]{subsection.2.2.2}{\376\377\000V\000e\000l\000o\000c\000i\000t\000y\000\040\000D\000e\000p\000e\000n\000d\000e\000n\000t\000\040\000P\000o\000t\000e\000n\000t\000i\000a\000l\000s\000\040\000a\000n\000d\000\040\000N\000o\000n\000-\000c\000o\000n\000s\000e\000r\000v\000a\000t\000i\000v\000e\000\040\000F\000o\000r\000c\000e\000s}{section.2.2}% 11
\BOOKMARK [1][-]{section.2.3}{\376\377\000E\000u\000l\000e\000r\000-\000L\000a\000g\000r\000a\000n\000g\000e\000\040\000E\000q\000u\000a\000t\000i\000o\000n\000s}{chapter.2}% 12
\BOOKMARK [2][-]{subsection.2.3.1}{\376\377\000L\000e\000a\000s\000t\000\040\000A\000c\000t\000i\000o\000n\000\040\000P\000r\000i\000n\000c\000i\000p\000l\000e}{section.2.3}% 13
\BOOKMARK [2][-]{subsection.2.3.2}{\376\377\000C\000h\000a\000n\000g\000e\000\040\000o\000f\000\040\000C\000o\000o\000r\000d\000i\000n\000a\000t\000e\000s}{section.2.3}% 14
\BOOKMARK [2][-]{subsection.2.3.3}{\376\377\000S\000o\000l\000v\000e\000d\000\040\000E\000x\000e\000r\000c\000i\000s\000e\000s\000\040\000o\000n\000\040\000E\000u\000l\000e\000r\000-\000L\000a\000g\000r\000a\000n\000g\000e\000\040\000E\000q\000u\000a\000t\000i\000o\000n\000s}{section.2.3}% 15
\BOOKMARK [0][-]{chapter.3}{\376\377\000E\000q\000u\000a\000t\000i\000o\000n\000s\000\040\000o\000f\000\040\000M\000o\000t\000i\000o\000n}{part.1}% 16
\BOOKMARK [1][-]{section.3.1}{\376\377\000C\000o\000n\000s\000e\000r\000v\000a\000t\000i\000o\000n\000\040\000L\000a\000w\000s}{chapter.3}% 17
\BOOKMARK [2][-]{subsection.3.1.1}{\376\377\000C\000o\000n\000s\000e\000r\000v\000a\000t\000i\000o\000n\000\040\000o\000f\000\040\000G\000e\000n\000e\000r\000a\000l\000i\000z\000e\000d\000\040\000E\000n\000e\000r\000g\000y\000\040\000a\000n\000d\000\040\000G\000e\000n\000e\000r\000a\000l\000i\000z\000e\000d\000\040\000M\000o\000m\000e\000n\000t\000u\000m}{section.3.1}% 18
\BOOKMARK [2][-]{subsection.3.1.2}{\376\377\000C\000h\000a\000n\000g\000e\000\040\000o\000f\000\040\000I\000n\000e\000r\000t\000i\000a\000l\000\040\000R\000e\000f\000e\000r\000e\000n\000c\000e\000\040\000F\000r\000a\000m\000e\000s}{section.3.1}% 19
\BOOKMARK [2][-]{subsection.3.1.3}{\376\377\000C\000o\000n\000s\000e\000r\000v\000a\000t\000i\000o\000n\000\040\000o\000f\000\040\000A\000n\000g\000u\000l\000a\000r\000\040\000M\000o\000m\000e\000n\000t\000u\000m}{section.3.1}% 20
\BOOKMARK [2][-]{subsection.3.1.4}{\376\377\000N\000o\000e\000t\000h\000e\000r\000'\000s\000\040\000T\000h\000e\000o\000r\000e\000m}{section.3.1}% 21
\BOOKMARK [1][-]{section.3.2}{\376\377\000M\000e\000c\000h\000a\000n\000i\000c\000a\000l\000\040\000S\000i\000m\000i\000l\000a\000r\000i\000t\000y}{chapter.3}% 22
\BOOKMARK [2][-]{subsection.3.2.1}{\376\377\000V\000i\000r\000i\000a\000l\000\040\000T\000h\000e\000o\000r\000e\000m}{section.3.2}% 23
\BOOKMARK [1][-]{section.3.3}{\376\377\000I\000n\000t\000e\000g\000r\000a\000t\000i\000o\000n\000\040\000o\000f\000\040\000t\000h\000e\000\040\000E\000q\000u\000a\000t\000i\000o\000n\000s\000\040\000o\000f\000\040\000M\000o\000t\000i\000o\000n}{chapter.3}% 24
\BOOKMARK [2][-]{subsection.3.3.1}{\376\377\000U\000n\000i\000d\000i\000m\000e\000n\000s\000i\000o\000n\000a\000l\000\040\000M\000o\000t\000i\000o\000n}{section.3.3}% 25
\BOOKMARK [2][-]{subsection.3.3.2}{\376\377\000M\000o\000t\000i\000o\000n\000\040\000i\000n\000\040\000a\000\040\000C\000e\000n\000t\000r\000a\000l\000\040\000F\000i\000e\000l\000d}{section.3.3}% 26
\BOOKMARK [2][-]{subsection.3.3.3}{\376\377\000K\000e\000p\000l\000e\000r\000'\000s\000\040\000P\000r\000o\000b\000l\000e\000m\000\040\000a\000n\000d\000\040\000O\000r\000b\000i\000t\000a\000l\000\040\000M\000e\000c\000h\000a\000n\000i\000c\000s}{section.3.3}% 27
\BOOKMARK [0][-]{chapter.4}{\376\377\000C\000l\000a\000s\000s\000i\000c\000a\000l\000\040\000C\000o\000l\000l\000i\000s\000i\000o\000n\000s}{part.1}% 28
\BOOKMARK [1][-]{section.4.1}{\376\377\000D\000i\000s\000i\000n\000t\000e\000g\000r\000a\000t\000i\000o\000n\000\040\000o\000f\000\040\000P\000a\000r\000t\000i\000c\000l\000e\000s}{chapter.4}% 29
\BOOKMARK [2][-]{subsection.4.1.1}{\376\377\000D\000i\000s\000i\000n\000t\000e\000g\000r\000a\000t\000i\000o\000n\000\040\000I\000n\000t\000o\000\040\000M\000u\000l\000t\000i\000p\000l\000e\000\040\000P\000a\000r\000t\000i\000c\000l\000e\000s}{section.4.1}% 30
\BOOKMARK [1][-]{section.4.2}{\376\377\000E\000l\000a\000s\000t\000i\000c\000\040\000C\000o\000l\000l\000i\000s\000i\000o\000n\000s}{chapter.4}% 31
\BOOKMARK [1][-]{section.4.3}{\376\377\000P\000a\000r\000t\000i\000c\000l\000e\000\040\000S\000c\000a\000t\000t\000e\000r\000i\000n\000g}{chapter.4}% 32
\BOOKMARK [2][-]{subsection.4.3.1}{\376\377\000R\000u\000t\000h\000e\000r\000f\000o\000r\000d\000\040\000S\000c\000a\000t\000t\000e\000r\000i\000n\000g}{section.4.3}% 33
\BOOKMARK [0][-]{chapter.5}{\376\377\000S\000m\000a\000l\000l\000\040\000O\000s\000c\000i\000l\000l\000a\000t\000i\000o\000n\000s}{part.1}% 34
\BOOKMARK [1][-]{section.5.1}{\376\377\000S\000t\000a\000b\000i\000l\000i\000t\000y\000\040\000a\000n\000d\000\040\000F\000r\000e\000e\000\040\000O\000s\000c\000i\000l\000l\000a\000t\000i\000o\000n\000s}{chapter.5}% 35
\BOOKMARK [2][-]{subsection.5.1.1}{\376\377\000F\000r\000e\000e\000\040\000O\000s\000c\000i\000l\000l\000a\000t\000i\000o\000n\000s\000\040\000i\000n\000\040\0001\000\040\000D\000i\000m\000e\000n\000s\000i\000o\000n}{section.5.1}% 36
\BOOKMARK [1][-]{section.5.2}{\376\377\000F\000r\000e\000e\000\040\000O\000s\000c\000i\000l\000l\000a\000t\000i\000o\000n\000s\000\040\000i\000n\000\040\000n\000\040\000D\000e\000g\000r\000e\000e\000s\000\040\000o\000f\000\040\000F\000r\000e\000e\000d\000o\000m}{chapter.5}% 37
\BOOKMARK [0][-]{chapter.6}{\376\377\000R\000i\000g\000i\000d\000\040\000B\000o\000d\000i\000e\000s}{part.1}% 38
\BOOKMARK [1][-]{section.6.1}{\376\377\000A\000n\000g\000u\000l\000a\000r\000\040\000V\000e\000l\000o\000c\000i\000t\000y}{chapter.6}% 39
\BOOKMARK [1][-]{section.6.2}{\376\377\000I\000n\000e\000r\000t\000i\000a\000\040\000T\000e\000n\000s\000o\000r}{chapter.6}% 40
\BOOKMARK [2][-]{subsection.6.2.1}{\376\377\000A\000n\000g\000u\000l\000a\000r\000\040\000M\000o\000m\000e\000n\000t\000u\000m\000\040\000o\000f\000\040\000a\000\040\000R\000i\000g\000i\000d\000\040\000B\000o\000d\000y}{section.6.2}% 41
\BOOKMARK [1][-]{section.6.3}{\376\377\000E\000q\000u\000a\000t\000i\000o\000n\000s\000\040\000o\000f\000\040\000M\000o\000t\000i\000o\000n}{chapter.6}% 42
\BOOKMARK [-1][-]{part.2}{\376\377\000I\000I\000\040\000H\000a\000m\000i\000l\000t\000o\000n\000i\000a\000n\000\040\000M\000e\000c\000h\000a\000n\000i\000c\000s}{}% 43
\BOOKMARK [0][-]{chapter.7}{\376\377\000C\000a\000n\000o\000n\000i\000c\000a\000l\000\040\000E\000q\000u\000a\000t\000i\000o\000n\000s\000\040\000o\000f\000\040\000M\000o\000t\000i\000o\000n}{part.2}% 44
\BOOKMARK [1][-]{section.7.1}{\376\377\000C\000a\000n\000o\000n\000i\000c\000a\000l\000\040\000V\000a\000r\000i\000a\000b\000l\000e\000s}{chapter.7}% 45
\BOOKMARK [1][-]{section.7.2}{\376\377\000C\000a\000n\000o\000n\000i\000c\000a\000l\000\040\000E\000q\000u\000a\000t\000i\000o\000n\000s\000\040\000o\000f\000\040\000M\000o\000t\000i\000o\000n}{chapter.7}% 46
\BOOKMARK [1][-]{section.7.3}{\376\377\000H\000a\000m\000i\000l\000t\000o\000n\000-\000J\000a\000c\000o\000b\000i\000\040\000E\000q\000u\000a\000t\000i\000o\000n\000\040\000a\000n\000d\000\040\000H\000a\000m\000i\000l\000t\000o\000n\000'\000s\000\040\000P\000r\000i\000n\000c\000i\000p\000l\000e\000\040\000i\000n\000\040\0002\000n}{chapter.7}% 47
\BOOKMARK [2][-]{subsection.7.3.1}{\376\377\000M\000a\000u\000p\000e\000r\000t\000u\000i\000s\000'\000\040\000P\000r\000i\000n\000c\000i\000p\000l\000e}{section.7.3}% 48
\BOOKMARK [0][-]{chapter.8}{\376\377\000P\000h\000a\000s\000e\000\040\000S\000p\000a\000c\000e\000\040\000F\000o\000r\000m\000u\000l\000a\000t\000i\000o\000n}{part.2}% 49
\BOOKMARK [1][-]{section.8.1}{\376\377\000C\000a\000n\000o\000n\000i\000c\000a\000l\000\040\000T\000r\000a\000n\000s\000f\000o\000r\000m\000a\000t\000i\000o\000n\000s}{chapter.8}% 50
\BOOKMARK [2][-]{subsection.8.1.1}{\376\377\000G\000e\000n\000e\000r\000a\000t\000i\000n\000g\000\040\000F\000u\000n\000c\000t\000i\000o\000n\000s\000\040\000o\000f\000\040\000C\000a\000n\000o\000n\000i\000c\000a\000l\000\040\000T\000r\000a\000n\000s\000f\000o\000r\000m\000a\000t\000i\000o\000n}{section.8.1}% 51
\BOOKMARK [1][-]{section.8.2}{\376\377\000P\000o\000i\000s\000s\000o\000n\000\040\000B\000r\000a\000c\000k\000e\000t\000s\000\040\000a\000n\000d\000\040\000L\000i\000o\000u\000v\000i\000l\000l\000e\000'\000s\000\040\000T\000h\000e\000o\000r\000e\000m}{chapter.8}% 52
\BOOKMARK [2][-]{subsection.8.2.1}{\376\377\000P\000o\000i\000n\000c\000a\000r\000\351\000\040\000R\000e\000c\000u\000r\000r\000e\000n\000c\000e}{section.8.2}% 53
\BOOKMARK [1][-]{section.8.3}{\376\377\000H\000a\000m\000i\000l\000t\000o\000n\000-\000J\000a\000c\000o\000b\000i\000\040\000M\000e\000t\000h\000o\000d}{chapter.8}% 54
\BOOKMARK [-1][-]{part.3}{\376\377\000I\000I\000I\000\040\000S\000p\000e\000c\000i\000a\000l\000\040\000R\000e\000l\000a\000t\000i\000v\000i\000t\000y}{}% 55
\BOOKMARK [0][-]{chapter.9}{\376\377\000L\000o\000r\000e\000n\000t\000z\000\040\000T\000r\000a\000n\000s\000f\000o\000r\000m\000a\000t\000i\000o\000n\000s\000\040\000a\000n\000d\000\040\000K\000i\000n\000e\000m\000a\000t\000i\000c\000s}{part.3}% 56
\BOOKMARK [1][-]{section.9.1}{\376\377\000P\000r\000i\000n\000c\000i\000p\000l\000e\000\040\000o\000f\000\040\000R\000e\000l\000a\000t\000i\000v\000i\000t\000y}{chapter.9}% 57
\BOOKMARK [1][-]{section.9.2}{\376\377\000S\000p\000a\000c\000e\000t\000i\000m\000e}{chapter.9}% 58
\BOOKMARK [2][-]{subsection.9.2.1}{\376\377\000S\000p\000a\000c\000e\000t\000i\000m\000e\000\040\000D\000i\000a\000g\000r\000a\000m\000s}{section.9.2}% 59
\BOOKMARK [1][-]{section.9.3}{\376\377\000P\000r\000o\000p\000e\000r\000\040\000T\000i\000m\000e}{chapter.9}% 60
\BOOKMARK [1][-]{section.9.4}{\376\377\000F\000o\000r\000m\000a\000l\000i\000z\000a\000t\000i\000o\000n\000\040\000o\000f\000\040\000t\000h\000e\000\040\000P\000r\000i\000n\000c\000i\000p\000l\000e\000\040\000o\000f\000\040\000R\000e\000l\000a\000t\000i\000v\000i\000t\000y}{chapter.9}% 61
\BOOKMARK [2][-]{subsection.9.4.1}{\376\377\000L\000e\000n\000g\000t\000h\000\040\000C\000o\000n\000t\000r\000a\000c\000t\000i\000o\000n\000\040\000a\000n\000d\000\040\000T\000i\000m\000e\000\040\000D\000i\000l\000a\000t\000i\000o\000n}{section.9.4}% 62
\BOOKMARK [2][-]{subsection.9.4.2}{\376\377\000V\000e\000l\000o\000c\000i\000t\000y\000\040\000T\000r\000a\000n\000s\000f\000o\000r\000m\000a\000t\000i\000o\000n\000s}{section.9.4}% 63
\BOOKMARK [1][-]{section.9.5}{\376\377\0004\000-\000V\000e\000c\000t\000o\000r\000s}{chapter.9}% 64
\BOOKMARK [2][-]{subsection.9.5.1}{\376\377\0004\000-\000V\000e\000l\000o\000c\000i\000t\000y\000\040\000a\000n\000d\000\040\0004\000-\000A\000c\000c\000e\000l\000e\000r\000a\000t\000i\000o\000n}{section.9.5}% 65
\BOOKMARK [1][-]{section.9.6}{\376\377\000E\000x\000e\000r\000c\000i\000s\000e\000s}{chapter.9}% 66
\BOOKMARK [0][-]{chapter.10}{\376\377\000R\000e\000l\000a\000t\000i\000v\000i\000s\000t\000i\000c\000\040\000M\000e\000c\000h\000a\000n\000i\000c\000s}{part.3}% 67
\BOOKMARK [1][-]{section.10.1}{\376\377\000R\000e\000l\000a\000t\000i\000v\000i\000s\000t\000i\000c\000\040\000L\000e\000a\000s\000t\000\040\000A\000c\000t\000i\000o\000n\000\040\000P\000r\000i\000n\000c\000i\000p\000l\000e}{chapter.10}% 68
\BOOKMARK [2][-]{subsection.10.1.1}{\376\377\000R\000e\000l\000a\000t\000i\000v\000i\000s\000t\000i\000c\000\040\000E\000n\000e\000r\000g\000y\000\040\000a\000n\000d\000\040\000M\000o\000m\000e\000n\000t\000u\000m}{section.10.1}% 69
\BOOKMARK [1][-]{section.10.2}{\376\377\000R\000e\000l\000a\000t\000i\000v\000i\000s\000t\000i\000c\000\040\000H\000a\000m\000i\000l\000t\000o\000n\000\040\000J\000a\000c\000o\000b\000i\000\040\000E\000q\000u\000a\000t\000i\000o\000n\000\040\000a\000n\000d\000\040\0004\000-\000V\000e\000c\000t\000o\000r\000\040\000F\000o\000r\000m\000u\000l\000a\000t\000i\000o\000n}{chapter.10}% 70
\BOOKMARK [0][-]{chapter.11}{\376\377\000R\000e\000l\000a\000t\000i\000v\000i\000s\000t\000i\000c\000\040\000C\000o\000l\000l\000i\000s\000i\000o\000n\000s}{part.3}% 71
\BOOKMARK [1][-]{section.11.1}{\376\377\000L\000a\000b\000o\000r\000a\000t\000o\000r\000y\000\040\000a\000n\000d\000\040\000C\000e\000n\000t\000e\000r\000\040\000o\000f\000\040\000M\000a\000s\000s\000\040\000R\000e\000f\000e\000r\000e\000n\000c\000e\000\040\000F\000r\000a\000m\000e\000s}{chapter.11}% 72
\BOOKMARK [1][-]{section.11.2}{\376\377\000I\000n\000v\000a\000r\000i\000a\000n\000t\000\040\000M\000a\000s\000s}{chapter.11}% 73
\BOOKMARK [2][-]{subsection.11.2.1}{\376\377\000T\000r\000a\000n\000s\000f\000o\000r\000m\000a\000t\000i\000o\000n\000s\000\040\000o\000f\000\040\000t\000h\000e\000\040\000I\000n\000v\000a\000r\000i\000a\000n\000t\000\040\000M\000a\000s\000s}{section.11.2}% 74
\BOOKMARK [1][-]{section.11.3}{\376\377\000T\000r\000a\000n\000s\000v\000e\000r\000s\000e\000\040\000M\000o\000m\000e\000n\000t\000u\000m\000\040\000a\000n\000d\000\040\000T\000r\000a\000n\000s\000f\000o\000r\000m\000a\000t\000i\000o\000n\000\040\000o\000f\000\040\000A\000n\000g\000l\000e\000s}{chapter.11}% 75
\BOOKMARK [1][-]{section.11.4}{\376\377\000N\000-\000b\000o\000d\000y\000\040\000D\000e\000c\000a\000y\000s\000\040\000a\000n\000d\000\040\000T\000h\000r\000e\000s\000h\000o\000l\000d\000\040\000E\000n\000e\000r\000g\000y}{chapter.11}% 76
\BOOKMARK [1][-]{section.11.5}{\376\377\000E\000l\000a\000s\000t\000i\000c\000\040\000S\000c\000a\000t\000t\000e\000r\000i\000n\000g}{chapter.11}% 77
\BOOKMARK [1][-]{section.11.6}{\376\377\000N\000-\000b\000o\000d\000y\000\040\000D\000e\000c\000a\000y\000s}{chapter.11}% 78
